13:31:18.041 [http-nio-8080-exec-8] WARN  o.s.w.s.m.m.a.ExceptionHandlerExceptionResolver - Resolved exception caused by Handler execution: com.enter.exception.ShoppingException: 未登陆 
13:31:22.089 [http-nio-8080-exec-10] WARN  o.s.w.s.m.m.a.ExceptionHandlerExceptionResolver - Resolved exception caused by Handler execution: com.enter.exception.PageException: 未登陆 
13:31:34.132 [http-nio-8080-exec-7] INFO  com.enter.util.CheckUserLogin - login------------------------------------------------0E06290E3B283FD414AA0C8462B22A54 
13:34:12.249 [http-nio-8080-exec-6] ERROR org.thymeleaf.TemplateEngine - [THYMELEAF][http-nio-8080-exec-6] Exception processing template "/sale_services/service_detail": Exception evaluating SpringEL expression: "saleService.state == " (/sale_services/service_detail) 
13:34:12.258 [http-nio-8080-exec-6] ERROR o.a.c.c.C.[.[.[.[dispatcherServlet] - Servlet.service() for servlet [dispatcherServlet] in context with path [] threw exception [Request processing failed; nested exception is org.thymeleaf.exceptions.TemplateProcessingException: Exception evaluating SpringEL expression: "saleService.state == " (/sale_services/service_detail)] with root cause 
org.springframework.expression.spel.SpelParseException: Expression [saleService.state == ] @18: EL1042E: Problem parsing right operand
	at org.springframework.expression.spel.standard.InternalSpelExpressionParser.raiseInternalException(InternalSpelExpressionParser.java:1006)
	at org.springframework.expression.spel.standard.InternalSpelExpressionParser.checkRightOperand(InternalSpelExpressionParser.java:1029)
	at org.springframework.expression.spel.standard.InternalSpelExpressionParser.checkOperands(InternalSpelExpressionParser.java:1018)
	at org.springframework.expression.spel.standard.InternalSpelExpressionParser.eatRelationalExpression(InternalSpelExpressionParser.java:216)
	at org.springframework.expression.spel.standard.InternalSpelExpressionParser.eatLogicalAndExpression(InternalSpelExpressionParser.java:199)
	at org.springframework.expression.spel.standard.InternalSpelExpressionParser.eatLogicalOrExpression(InternalSpelExpressionParser.java:187)
	at org.springframework.expression.spel.standard.InternalSpelExpressionParser.eatExpression(InternalSpelExpressionParser.java:147)
	at org.springframework.expression.spel.standard.InternalSpelExpressionParser.doParseExpression(InternalSpelExpressionParser.java:128)
	at org.springframework.expression.spel.standard.SpelExpressionParser.doParseExpression(SpelExpressionParser.java:60)
	at org.springframework.expression.spel.standard.SpelExpressionParser.doParseExpression(SpelExpressionParser.java:32)
	at org.springframework.expression.common.TemplateAwareExpressionParser.parseExpression(TemplateAwareExpressionParser.java:73)
	at org.springframework.expression.common.TemplateAwareExpressionParser.parseExpression(TemplateAwareExpressionParser.java:60)
	at org.thymeleaf.spring4.expression.SpelVariableExpressionEvaluator.getExpression(SpelVariableExpressionEvaluator.java:182)
	at org.thymeleaf.spring4.expression.SpelVariableExpressionEvaluator.evaluate(SpelVariableExpressionEvaluator.java:129)
	at org.thymeleaf.standard.expression.VariableExpression.executeVariable(VariableExpression.java:154)
	at org.thymeleaf.standard.expression.SimpleExpression.executeSimple(SimpleExpression.java:59)
	at org.thymeleaf.standard.expression.Expression.execute(Expression.java:103)
	at org.thymeleaf.standard.expression.Expression.execute(Expression.java:133)
	at org.thymeleaf.standard.expression.EqualsExpression.executeEquals(EqualsExpression.java:66)
	at org.thymeleaf.standard.expression.ComplexExpression.executeComplex(ComplexExpression.java:88)
	at org.thymeleaf.standard.expression.Expression.execute(Expression.java:107)
	at org.thymeleaf.standard.expression.Expression.execute(Expression.java:133)
	at org.thymeleaf.standard.expression.Expression.execute(Expression.java:120)
	at org.thymeleaf.standard.processor.attr.AbstractStandardCaseAttrProcessor.isVisible(AbstractStandardCaseAttrProcessor.java:103)
	at org.thymeleaf.processor.attr.AbstractConditionalVisibilityAttrProcessor.processAttribute(AbstractConditionalVisibilityAttrProcessor.java:59)
	at org.thymeleaf.processor.attr.AbstractAttrProcessor.doProcess(AbstractAttrProcessor.java:87)
	at org.thymeleaf.processor.AbstractProcessor.process(AbstractProcessor.java:212)
	at org.thymeleaf.dom.Node.applyNextProcessor(Node.java:1017)
	at org.thymeleaf.dom.Node.processNode(Node.java:972)
	at org.thymeleaf.dom.NestableNode.computeNextChild(NestableNode.java:695)
	at org.thymeleaf.dom.NestableNode.doAdditionalProcess(NestableNode.java:668)
	at org.thymeleaf.dom.Node.processNode(Node.java:990)
	at org.thymeleaf.dom.NestableNode.computeNextChild(NestableNode.java:695)
	at org.thymeleaf.dom.NestableNode.doAdditionalProcess(NestableNode.java:668)
	at org.thymeleaf.dom.Node.processNode(Node.java:990)
	at org.thymeleaf.dom.NestableNode.computeNextChild(NestableNode.java:695)
	at org.thymeleaf.dom.NestableNode.doAdditionalProcess(NestableNode.java:668)
	at org.thymeleaf.dom.Node.processNode(Node.java:990)
	at org.thymeleaf.dom.NestableNode.computeNextChild(NestableNode.java:695)
	at org.thymeleaf.dom.NestableNode.doAdditionalProcess(NestableNode.java:668)
	at org.thymeleaf.dom.Node.processNode(Node.java:990)
	at org.thymeleaf.dom.NestableNode.computeNextChild(NestableNode.java:695)
	at org.thymeleaf.dom.NestableNode.doAdditionalProcess(NestableNode.java:668)
	at org.thymeleaf.dom.Node.processNode(Node.java:990)
	at org.thymeleaf.dom.NestableNode.computeNextChild(NestableNode.java:695)
	at org.thymeleaf.dom.NestableNode.doAdditionalProcess(NestableNode.java:668)
	at org.thymeleaf.dom.Node.processNode(Node.java:990)
	at org.thymeleaf.dom.NestableNode.computeNextChild(NestableNode.java:695)
	at org.thymeleaf.dom.NestableNode.doAdditionalProcess(NestableNode.java:668)
	at org.thymeleaf.dom.Node.processNode(Node.java:990)
	at org.thymeleaf.dom.NestableNode.computeNextChild(NestableNode.java:695)
	at org.thymeleaf.dom.NestableNode.doAdditionalProcess(NestableNode.java:668)
	at org.thymeleaf.dom.Node.processNode(Node.java:990)
	at org.thymeleaf.dom.NestableNode.computeNextChild(NestableNode.java:695)
	at org.thymeleaf.dom.NestableNode.doAdditionalProcess(NestableNode.java:668)
	at org.thymeleaf.dom.Node.processNode(Node.java:990)
	at org.thymeleaf.dom.NestableNode.computeNextChild(NestableNode.java:695)
	at org.thymeleaf.dom.NestableNode.doAdditionalProcess(NestableNode.java:668)
	at org.thymeleaf.dom.Node.processNode(Node.java:990)
	at org.thymeleaf.dom.NestableNode.computeNextChild(NestableNode.java:695)
	at org.thymeleaf.dom.NestableNode.doAdditionalProcess(NestableNode.java:668)
	at org.thymeleaf.dom.Node.processNode(Node.java:990)
	at org.thymeleaf.dom.NestableNode.computeNextChild(NestableNode.java:695)
	at org.thymeleaf.dom.NestableNode.doAdditionalProcess(NestableNode.java:668)
	at org.thymeleaf.dom.Node.processNode(Node.java:990)
	at org.thymeleaf.dom.Document.process(Document.java:93)
	at org.thymeleaf.TemplateEngine.process(TemplateEngine.java:1155)
	at org.thymeleaf.TemplateEngine.process(TemplateEngine.java:1060)
	at org.thymeleaf.TemplateEngine.process(TemplateEngine.java:1011)
	at org.thymeleaf.spring4.view.ThymeleafView.renderFragment(ThymeleafView.java:335)
	at org.thymeleaf.spring4.view.ThymeleafView.render(ThymeleafView.java:190)
	at org.springframework.web.servlet.DispatcherServlet.render(DispatcherServlet.java:1286)
	at org.springframework.web.servlet.DispatcherServlet.processDispatchResult(DispatcherServlet.java:1041)
	at org.springframework.web.servlet.DispatcherServlet.doDispatch(DispatcherServlet.java:984)
	at org.springframework.web.servlet.DispatcherServlet.doService(DispatcherServlet.java:901)
	at org.springframework.web.servlet.FrameworkServlet.processRequest(FrameworkServlet.java:970)
	at org.springframework.web.servlet.FrameworkServlet.doGet(FrameworkServlet.java:861)
	at javax.servlet.http.HttpServlet.service(HttpServlet.java:635)
	at org.springframework.web.servlet.FrameworkServlet.service(FrameworkServlet.java:846)
	at javax.servlet.http.HttpServlet.service(HttpServlet.java:742)
	at org.apache.catalina.core.ApplicationFilterChain.internalDoFilter(ApplicationFilterChain.java:231)
	at org.apache.catalina.core.ApplicationFilterChain.doFilter(ApplicationFilterChain.java:166)
	at org.apache.tomcat.websocket.server.WsFilter.doFilter(WsFilter.java:52)
	at org.apache.catalina.core.ApplicationFilterChain.internalDoFilter(ApplicationFilterChain.java:193)
	at org.apache.catalina.core.ApplicationFilterChain.doFilter(ApplicationFilterChain.java:166)
	at org.springframework.web.filter.RequestContextFilter.doFilterInternal(RequestContextFilter.java:99)
	at org.springframework.web.filter.OncePerRequestFilter.doFilter(OncePerRequestFilter.java:107)
	at org.apache.catalina.core.ApplicationFilterChain.internalDoFilter(ApplicationFilterChain.java:193)
	at org.apache.catalina.core.ApplicationFilterChain.doFilter(ApplicationFilterChain.java:166)
	at org.springframework.web.filter.HttpPutFormContentFilter.doFilterInternal(HttpPutFormContentFilter.java:108)
	at org.springframework.web.filter.OncePerRequestFilter.doFilter(OncePerRequestFilter.java:107)
	at org.apache.catalina.core.ApplicationFilterChain.internalDoFilter(ApplicationFilterChain.java:193)
	at org.apache.catalina.core.ApplicationFilterChain.doFilter(ApplicationFilterChain.java:166)
	at org.springframework.web.filter.HiddenHttpMethodFilter.doFilterInternal(HiddenHttpMethodFilter.java:81)
	at org.springframework.web.filter.OncePerRequestFilter.doFilter(OncePerRequestFilter.java:107)
	at org.apache.catalina.core.ApplicationFilterChain.internalDoFilter(ApplicationFilterChain.java:193)
	at org.apache.catalina.core.ApplicationFilterChain.doFilter(ApplicationFilterChain.java:166)
	at org.springframework.web.filter.CharacterEncodingFilter.doFilterInternal(CharacterEncodingFilter.java:197)
	at org.springframework.web.filter.OncePerRequestFilter.doFilter(OncePerRequestFilter.java:107)
	at org.apache.catalina.core.ApplicationFilterChain.internalDoFilter(ApplicationFilterChain.java:193)
	at org.apache.catalina.core.ApplicationFilterChain.doFilter(ApplicationFilterChain.java:166)
	at org.apache.catalina.core.StandardWrapperValve.invoke(StandardWrapperValve.java:198)
	at org.apache.catalina.core.StandardContextValve.invoke(StandardContextValve.java:96)
	at org.apache.catalina.authenticator.AuthenticatorBase.invoke(AuthenticatorBase.java:478)
	at org.apache.catalina.core.StandardHostValve.invoke(StandardHostValve.java:140)
	at org.apache.catalina.valves.ErrorReportValve.invoke(ErrorReportValve.java:80)
	at org.apache.catalina.core.StandardEngineValve.invoke(StandardEngineValve.java:87)
	at org.apache.catalina.connector.CoyoteAdapter.service(CoyoteAdapter.java:342)
	at org.apache.coyote.http11.Http11Processor.service(Http11Processor.java:799)
	at org.apache.coyote.AbstractProcessorLight.process(AbstractProcessorLight.java:66)
	at org.apache.coyote.AbstractProtocol$ConnectionHandler.process(AbstractProtocol.java:868)
	at org.apache.tomcat.util.net.NioEndpoint$SocketProcessor.doRun(NioEndpoint.java:1457)
	at org.apache.tomcat.util.net.SocketProcessorBase.run(SocketProcessorBase.java:49)
	at java.util.concurrent.ThreadPoolExecutor.runWorker(ThreadPoolExecutor.java:1142)
	at java.util.concurrent.ThreadPoolExecutor$Worker.run(ThreadPoolExecutor.java:617)
	at org.apache.tomcat.util.threads.TaskThread$WrappingRunnable.run(TaskThread.java:61)
	at java.lang.Thread.run(Thread.java:745)
13:41:41.966 [Thread-29] INFO  o.s.b.c.e.AnnotationConfigEmbeddedWebApplicationContext - Closing org.springframework.boot.context.embedded.AnnotationConfigEmbeddedWebApplicationContext@48bc1f8a: startup date [Thu Dec 07 09:17:13 CST 2017]; root of context hierarchy 
13:41:41.974 [Thread-29] INFO  o.s.j.e.a.AnnotationMBeanExporter - Unregistering JMX-exposed beans on shutdown 
13:41:41.977 [Thread-29] INFO  o.s.o.j.LocalContainerEntityManagerFactoryBean - Closing JPA EntityManagerFactory for persistence unit 'default' 
13:41:42.585 [restartedMain] INFO  com.enter.ShoppingApplication - Starting ShoppingApplication on PC-20170313TDVT with PID 23736 (F:\idea\shopping\target\classes started by Administrator in F:\idea\shopping) 
13:41:42.586 [restartedMain] INFO  com.enter.ShoppingApplication - No active profile set, falling back to default profiles: default 
13:41:42.604 [restartedMain] INFO  o.s.b.c.e.AnnotationConfigEmbeddedWebApplicationContext - Refreshing org.springframework.boot.context.embedded.AnnotationConfigEmbeddedWebApplicationContext@55b3a50f: startup date [Fri Dec 08 13:41:42 CST 2017]; root of context hierarchy 
13:41:43.860 [restartedMain] INFO  o.s.b.c.e.t.TomcatEmbeddedServletContainer - Tomcat initialized with port(s): 8080 (http) 
13:41:43.862 [restartedMain] INFO  o.a.catalina.core.StandardService - Starting service [Tomcat] 
13:41:43.862 [restartedMain] INFO  o.a.catalina.core.StandardEngine - Starting Servlet Engine: Apache Tomcat/8.5.20 
13:41:43.909 [localhost-startStop-1] INFO  o.a.c.c.C.[Tomcat].[localhost].[/] - Initializing Spring embedded WebApplicationContext 
13:41:43.911 [localhost-startStop-1] INFO  o.s.web.context.ContextLoader - Root WebApplicationContext: initialization completed in 1306 ms 
13:41:44.313 [localhost-startStop-1] INFO  o.s.b.w.s.ServletRegistrationBean - Mapping servlet: 'dispatcherServlet' to [/] 
13:41:44.314 [localhost-startStop-1] INFO  o.s.b.w.s.FilterRegistrationBean - Mapping filter: 'characterEncodingFilter' to: [/*] 
13:41:44.314 [localhost-startStop-1] INFO  o.s.b.w.s.FilterRegistrationBean - Mapping filter: 'hiddenHttpMethodFilter' to: [/*] 
13:41:44.314 [localhost-startStop-1] INFO  o.s.b.w.s.FilterRegistrationBean - Mapping filter: 'httpPutFormContentFilter' to: [/*] 
13:41:44.314 [localhost-startStop-1] INFO  o.s.b.w.s.FilterRegistrationBean - Mapping filter: 'requestContextFilter' to: [/*] 
13:41:44.992 [restartedMain] INFO  o.s.o.j.LocalContainerEntityManagerFactoryBean - Building JPA container EntityManagerFactory for persistence unit 'default' 
13:41:44.994 [restartedMain] INFO  o.h.jpa.internal.util.LogHelper - HHH000204: Processing PersistenceUnitInfo [
	name: default
	...] 
13:41:45.048 [restartedMain] INFO  org.hibernate.dialect.Dialect - HHH000400: Using dialect: org.hibernate.dialect.MySQL5Dialect 
13:41:45.183 [restartedMain] INFO  o.h.tool.hbm2ddl.SchemaUpdate - HHH000228: Running hbm2ddl schema update 
13:41:45.613 [restartedMain] INFO  o.s.o.j.LocalContainerEntityManagerFactoryBean - Initialized JPA EntityManagerFactory for persistence unit 'default' 
13:41:46.000 [restartedMain] INFO  o.h.h.i.QueryTranslatorFactoryInitiator - HHH000397: Using ASTQueryTranslatorFactory 
13:41:48.150 [restartedMain] INFO  o.s.w.s.m.m.a.RequestMappingHandlerAdapter - Looking for @ControllerAdvice: org.springframework.boot.context.embedded.AnnotationConfigEmbeddedWebApplicationContext@55b3a50f: startup date [Fri Dec 08 13:41:42 CST 2017]; root of context hierarchy 
13:41:48.303 [restartedMain] INFO  o.s.w.s.m.m.a.RequestMappingHandlerMapping - Mapped "{[/user/register],methods=[POST]}" onto public java.lang.Object com.enter.controller.AccountController.register(com.enter.entity.User) 
13:41:48.305 [restartedMain] INFO  o.s.w.s.m.m.a.RequestMappingHandlerMapping - Mapped "{[/user/checkValidCode],methods=[GET]}" onto public java.lang.Object com.enter.controller.AccountController.checkValidCode(java.lang.String,java.lang.String,java.lang.String) 
13:41:48.306 [restartedMain] INFO  o.s.w.s.m.m.a.RequestMappingHandlerMapping - Mapped "{[/user/validCode/email],methods=[GET]}" onto public java.lang.Object com.enter.controller.AccountController.sendValidCode(java.lang.String,java.lang.String) 
13:41:48.306 [restartedMain] INFO  o.s.w.s.m.m.a.RequestMappingHandlerMapping - Mapped "{[/user/validCode/message/{tel}],methods=[GET]}" onto public java.lang.Object com.enter.controller.AccountController.sendDxCode(java.lang.String) 
13:41:48.307 [restartedMain] INFO  o.s.w.s.m.m.a.RequestMappingHandlerMapping - Mapped "{[/user/login],methods=[POST]}" onto public java.lang.Object com.enter.controller.AccountController.login(java.lang.String,java.lang.String) 
13:41:48.308 [restartedMain] INFO  o.s.w.s.m.m.a.RequestMappingHandlerMapping - Mapped "{[/user/changePwd],methods=[POST]}" onto public java.lang.Object com.enter.controller.AccountController.changePwd(com.enter.entity.User) 
13:41:48.308 [restartedMain] INFO  o.s.w.s.m.m.a.RequestMappingHandlerMapping - Mapped "{[/user/logout],methods=[GET]}" onto public java.lang.String com.enter.controller.AccountController.logout() 
13:41:48.310 [restartedMain] INFO  o.s.w.s.m.m.a.RequestMappingHandlerMapping - Mapped "{[/user/address/temporaryAddress/set/id/{addressId}],methods=[GET]}" onto public java.lang.Object com.enter.controller.AddressController.setTemporaryAddress(java.lang.Long) 
13:41:48.311 [restartedMain] INFO  o.s.w.s.m.m.a.RequestMappingHandlerMapping - Mapped "{[/user/address/defaultAddress/modify/id/{addressId}],methods=[PUT]}" onto public java.lang.Object com.enter.controller.AddressController.setDefaultAddress(java.lang.Long,javax.servlet.http.HttpServletRequest) 
13:41:48.311 [restartedMain] INFO  o.s.w.s.m.m.a.RequestMappingHandlerMapping - Mapped "{[/user/address/delete/id/{addressId}],methods=[DELETE]}" onto public java.lang.Object com.enter.controller.AddressController.delAddress(java.lang.Long) 
13:41:48.312 [restartedMain] INFO  o.s.w.s.m.m.a.RequestMappingHandlerMapping - Mapped "{[/user/address/modify],methods=[PUT]}" onto public java.lang.Object com.enter.controller.AddressController.editAddress(com.enter.entity.Address,javax.servlet.http.HttpServletRequest) 
13:41:48.312 [restartedMain] INFO  o.s.w.s.m.m.a.RequestMappingHandlerMapping - Mapped "{[/user/address/deliveryId/{deliveryId}],methods=[GET]}" onto public java.lang.String com.enter.controller.AddressController.getDeliveryInfo(java.lang.String,org.springframework.ui.Model) 
13:41:48.313 [restartedMain] INFO  o.s.w.s.m.m.a.RequestMappingHandlerMapping - Mapped "{[/user/address/view/id/{addressId}],methods=[GET]}" onto public java.lang.Object com.enter.controller.AddressController.findAddressById(java.lang.Long) 
13:41:48.313 [restartedMain] INFO  o.s.w.s.m.m.a.RequestMappingHandlerMapping - Mapped "{[/user/address/add],methods=[POST]}" onto public java.lang.Object com.enter.controller.AddressController.addAddress(com.enter.entity.Address) 
13:41:48.314 [restartedMain] INFO  o.s.w.s.m.m.a.RequestMappingHandlerMapping - Mapped "{[/user/address/view],methods=[GET]}" onto public java.lang.Object com.enter.controller.AddressController.listMyAddress(org.springframework.ui.Model) 
13:41:48.314 [restartedMain] INFO  o.s.w.s.m.m.a.RequestMappingHandlerMapping - Mapped "{[/news/listNews]}" onto public java.lang.String com.enter.controller.NewsController.listNews(org.springframework.ui.Model) 
13:41:48.317 [restartedMain] INFO  o.s.w.s.m.m.a.RequestMappingHandlerMapping - Mapped "{[/user/orders/view/orderNo/{orderNum}],methods=[GET]}" onto public java.lang.String com.enter.controller.OrderController.findOrderById(java.lang.Long,org.springframework.ui.Model) 
13:41:48.317 [restartedMain] INFO  o.s.w.s.m.m.a.RequestMappingHandlerMapping - Mapped "{[/user/orders/generate/three],methods=[POST]}" onto public java.lang.Object com.enter.controller.OrderController.generatedTotalOrder(java.lang.String,java.lang.Long) 
13:41:48.317 [restartedMain] INFO  o.s.w.s.m.m.a.RequestMappingHandlerMapping - Mapped "{[/user/orders/status/{orderState}],methods=[GET]}" onto public java.lang.String com.enter.controller.OrderController.listMyOrderByStatus(org.springframework.ui.Model,java.lang.String) 
13:41:48.317 [restartedMain] INFO  o.s.w.s.m.m.a.RequestMappingHandlerMapping - Mapped "{[/user/orders/generate/two/trolleyIds/{trolleyIds}],methods=[GET]}" onto public java.lang.String com.enter.controller.OrderController.generatedOrder(java.lang.String,org.springframework.ui.Model) 
13:41:48.318 [restartedMain] INFO  o.s.w.s.m.m.a.RequestMappingHandlerMapping - Mapped "{[/user/orders/view],methods=[GET]}" onto public java.lang.String com.enter.controller.OrderController.listMyOrder(org.springframework.ui.Model) 
13:41:48.318 [restartedMain] INFO  o.s.w.s.m.m.a.RequestMappingHandlerMapping - Mapped "{[/user/orders/generate/one],methods=[POST]}" onto public java.lang.Object com.enter.controller.OrderController.addALLToOrder(java.lang.String) 
13:41:48.318 [restartedMain] INFO  o.s.w.s.m.m.a.RequestMappingHandlerMapping - Mapped "{[/user/orders/cancer/{orderNum}],methods=[PUT]}" onto public java.lang.Object com.enter.controller.OrderController.cancerOrders(java.lang.String) 
13:41:48.318 [restartedMain] INFO  o.s.w.s.m.m.a.RequestMappingHandlerMapping - Mapped "{[/user/orders/onlinePay/view/{orderNum}],methods=[GET]}" onto public java.lang.String com.enter.controller.OrderController.onlinePay(java.lang.String,org.springframework.ui.Model) 
13:41:48.318 [restartedMain] INFO  o.s.w.s.m.m.a.RequestMappingHandlerMapping - Mapped "{[/user/orders/nowBuy],methods=[POST]}" onto public java.lang.Object com.enter.controller.OrderController.nowBuy(java.lang.Long,java.lang.Integer,java.lang.String,java.lang.String) 
13:41:48.319 [restartedMain] INFO  o.s.w.s.m.m.a.RequestMappingHandlerMapping - Mapped "{[/product/view/id/{productId}],methods=[GET]}" onto public java.lang.String com.enter.controller.ProductController.findProductById(org.springframework.ui.Model,java.lang.Long) 
13:41:48.319 [restartedMain] INFO  o.s.w.s.m.m.a.RequestMappingHandlerMapping - Mapped "{[/product/view],methods=[GET]}" onto public java.lang.String com.enter.controller.ProductController.listMall(org.springframework.ui.Model) 
13:41:48.322 [restartedMain] INFO  o.s.w.s.m.m.a.RequestMappingHandlerMapping - Mapped "{[/user/service/view/status/{state}],methods=[GET]}" onto public java.lang.String com.enter.controller.SaleServiceController.findSaleServiceByUserAndState(org.springframework.ui.Model,java.lang.String) 
13:41:48.323 [restartedMain] INFO  o.s.w.s.m.m.a.RequestMappingHandlerMapping - Mapped "{[/user/service/cancer],methods=[PUT]}" onto public java.lang.Object com.enter.controller.SaleServiceController.cancerSaleService(java.lang.Long) 
13:41:48.323 [restartedMain] INFO  o.s.w.s.m.m.a.RequestMappingHandlerMapping - Mapped "{[/user/service/apply/{orderNum}],methods=[GET]}" onto public java.lang.String com.enter.controller.SaleServiceController.applyForSaleService(java.lang.String,org.springframework.ui.Model) 
13:41:48.323 [restartedMain] INFO  o.s.w.s.m.m.a.RequestMappingHandlerMapping - Mapped "{[/user/service/view/orderId/{orderId}],methods=[GET]}" onto public java.lang.String com.enter.controller.SaleServiceController.findSaleServiceByOrderId(java.lang.Long,org.springframework.ui.Model) 
13:41:48.323 [restartedMain] INFO  o.s.w.s.m.m.a.RequestMappingHandlerMapping - Mapped "{[/user/service/view],methods=[GET]}" onto public java.lang.String com.enter.controller.SaleServiceController.findSaleServiceByUser(org.springframework.ui.Model) 
13:41:48.323 [restartedMain] INFO  o.s.w.s.m.m.a.RequestMappingHandlerMapping - Mapped "{[/user/service/view/id/{id}],methods=[GET]}" onto public java.lang.String com.enter.controller.SaleServiceController.getSaleServiceById(java.lang.Long,org.springframework.ui.Model) 
13:41:48.324 [restartedMain] INFO  o.s.w.s.m.m.a.RequestMappingHandlerMapping - Mapped "{[/user/service/add],methods=[POST]}" onto public java.lang.Object com.enter.controller.SaleServiceController.addSaleService(com.enter.entity.SaleService) 
13:41:48.324 [restartedMain] INFO  o.s.w.s.m.m.a.RequestMappingHandlerMapping - Mapped "{[/user/service/tip/success],methods=[GET]}" onto public java.lang.String com.enter.controller.SaleServiceController.applySuccess() 
13:41:48.325 [restartedMain] INFO  o.s.w.s.m.m.a.RequestMappingHandlerMapping - Mapped "{[/]}" onto public java.lang.String com.enter.controller.StaticController.index(org.springframework.ui.Model) 
13:41:48.326 [restartedMain] INFO  o.s.w.s.m.m.a.RequestMappingHandlerMapping - Mapped "{[/media]}" onto public java.lang.String com.enter.controller.StaticController.media() 
13:41:48.326 [restartedMain] INFO  o.s.w.s.m.m.a.RequestMappingHandlerMapping - Mapped "{[/login]}" onto public java.lang.String com.enter.controller.StaticController.login() 
13:41:48.326 [restartedMain] INFO  o.s.w.s.m.m.a.RequestMappingHandlerMapping - Mapped "{[/deliveryInfo]}" onto public java.lang.String com.enter.controller.StaticController.deliveryInfo() 
13:41:48.326 [restartedMain] INFO  o.s.w.s.m.m.a.RequestMappingHandlerMapping - Mapped "{[/songs]}" onto public java.lang.String com.enter.controller.StaticController.songs() 
13:41:48.326 [restartedMain] INFO  o.s.w.s.m.m.a.RequestMappingHandlerMapping - Mapped "{[/music]}" onto public java.lang.String com.enter.controller.StaticController.music() 
13:41:48.326 [restartedMain] INFO  o.s.w.s.m.m.a.RequestMappingHandlerMapping - Mapped "{[/about]}" onto public java.lang.String com.enter.controller.StaticController.about() 
13:41:48.326 [restartedMain] INFO  o.s.w.s.m.m.a.RequestMappingHandlerMapping - Mapped "{[/discount]}" onto public java.lang.String com.enter.controller.StaticController.discount() 
13:41:48.326 [restartedMain] INFO  o.s.w.s.m.m.a.RequestMappingHandlerMapping - Mapped "{[/activity]}" onto public java.lang.String com.enter.controller.StaticController.activity() 
13:41:48.327 [restartedMain] INFO  o.s.w.s.m.m.a.RequestMappingHandlerMapping - Mapped "{[/contact]}" onto public java.lang.String com.enter.controller.StaticController.contact() 
13:41:48.327 [restartedMain] INFO  o.s.w.s.m.m.a.RequestMappingHandlerMapping - Mapped "{[/news]}" onto public java.lang.String com.enter.controller.StaticController.news() 
13:41:48.328 [restartedMain] INFO  o.s.w.s.m.m.a.RequestMappingHandlerMapping - Mapped "{[/user/trolley/totalCount],methods=[GET]}" onto public java.lang.Object com.enter.controller.TrolleyController.productCountFromTrolley() 
13:41:48.329 [restartedMain] INFO  o.s.w.s.m.m.a.RequestMappingHandlerMapping - Mapped "{[/user/trolley/delete/id/{trolleyId}],methods=[DELETE]}" onto public java.lang.Object com.enter.controller.TrolleyController.deleteFromTrolley(java.lang.Long) 
13:41:48.329 [restartedMain] INFO  o.s.w.s.m.m.a.RequestMappingHandlerMapping - Mapped "{[/user/trolley/delete/bacth/ids/{trolleyIds}],methods=[DELETE]}" onto public java.lang.Object com.enter.controller.TrolleyController.bacthDeleteFromTrolley(java.lang.String) 
13:41:48.329 [restartedMain] INFO  o.s.w.s.m.m.a.RequestMappingHandlerMapping - Mapped "{[/user/trolley/view],methods=[GET]}" onto public java.lang.String com.enter.controller.TrolleyController.listMyTrolley(org.springframework.ui.Model) 
13:41:48.329 [restartedMain] INFO  o.s.w.s.m.m.a.RequestMappingHandlerMapping - Mapped "{[/user/trolley/ajax/view],methods=[GET]}" onto public java.lang.Object com.enter.controller.TrolleyController.ajaxToMyTrolley() 
13:41:48.329 [restartedMain] INFO  o.s.w.s.m.m.a.RequestMappingHandlerMapping - Mapped "{[/user/trolley/add],methods=[POST]}" onto public java.lang.Object com.enter.controller.TrolleyController.addToTrolley(java.lang.Long,java.lang.Integer,java.lang.String,java.lang.String) 
13:41:48.331 [restartedMain] INFO  o.s.w.s.m.m.a.RequestMappingHandlerMapping - Mapped "{[/user/modify/userName],methods=[PUT]}" onto public java.lang.Object com.enter.controller.UserController.editUserName(java.lang.String) 
13:41:48.332 [restartedMain] INFO  o.s.w.s.m.m.a.RequestMappingHandlerMapping - Mapped "{[/user/overView],methods=[GET]}" onto public java.lang.String com.enter.controller.UserController.accountInfo(org.springframework.ui.Model) 
13:41:48.332 [restartedMain] INFO  o.s.w.s.m.m.a.RequestMappingHandlerMapping - Mapped "{[/user/modifyPwd],methods=[PUT]}" onto public java.lang.Object com.enter.controller.UserController.modifyPwd(java.lang.String,java.lang.String) 
13:41:48.332 [restartedMain] INFO  o.s.w.s.m.m.a.RequestMappingHandlerMapping - Mapped "{[/user/modify/email],methods=[PUT]}" onto public java.lang.Object com.enter.controller.UserController.modifyEmail(java.lang.String,java.lang.String) 
13:41:48.332 [restartedMain] INFO  o.s.w.s.m.m.a.RequestMappingHandlerMapping - Mapped "{[/user/tel/modify/],methods=[PUT]}" onto public java.lang.Object com.enter.controller.UserController.modifyTel(java.lang.String,java.lang.String) 
13:41:48.333 [restartedMain] INFO  o.s.w.s.m.m.a.RequestMappingHandlerMapping - Mapped "{[/error]}" onto public org.springframework.http.ResponseEntity<java.util.Map<java.lang.String, java.lang.Object>> org.springframework.boot.autoconfigure.web.BasicErrorController.error(javax.servlet.http.HttpServletRequest) 
13:41:48.334 [restartedMain] INFO  o.s.w.s.m.m.a.RequestMappingHandlerMapping - Mapped "{[/error],produces=[text/html]}" onto public org.springframework.web.servlet.ModelAndView org.springframework.boot.autoconfigure.web.BasicErrorController.errorHtml(javax.servlet.http.HttpServletRequest,javax.servlet.http.HttpServletResponse) 
13:41:48.569 [restartedMain] INFO  o.s.w.s.h.SimpleUrlHandlerMapping - Mapped URL path [/webjars/**] onto handler of type [class org.springframework.web.servlet.resource.ResourceHttpRequestHandler] 
13:41:48.570 [restartedMain] INFO  o.s.w.s.h.SimpleUrlHandlerMapping - Mapped URL path [/**] onto handler of type [class org.springframework.web.servlet.resource.ResourceHttpRequestHandler] 
13:41:48.592 [restartedMain] INFO  o.s.w.s.m.m.a.ExceptionHandlerExceptionResolver - Detected @ExceptionHandler methods in globalExceptionHandler 
13:41:48.640 [restartedMain] INFO  o.s.w.s.h.SimpleUrlHandlerMapping - Mapped URL path [/**/favicon.ico] onto handler of type [class org.springframework.web.servlet.resource.ResourceHttpRequestHandler] 
13:41:50.234 [restartedMain] INFO  o.s.b.d.a.OptionalLiveReloadServer - LiveReload server is running on port 35729 
13:41:50.477 [restartedMain] INFO  o.s.j.e.a.AnnotationMBeanExporter - Registering beans for JMX exposure on startup 
13:41:50.544 [restartedMain] INFO  o.s.b.c.e.t.TomcatEmbeddedServletContainer - Tomcat started on port(s): 8080 (http) 
13:41:50.548 [restartedMain] INFO  com.enter.ShoppingApplication - Started ShoppingApplication in 8.062 seconds (JVM running for 102279.991) 
13:41:51.306 [http-nio-8080-exec-5] INFO  o.a.c.c.C.[Tomcat].[localhost].[/] - Initializing Spring FrameworkServlet 'dispatcherServlet' 
13:41:51.307 [http-nio-8080-exec-5] INFO  o.s.web.servlet.DispatcherServlet - FrameworkServlet 'dispatcherServlet': initialization started 
13:41:51.356 [http-nio-8080-exec-5] INFO  o.s.web.servlet.DispatcherServlet - FrameworkServlet 'dispatcherServlet': initialization completed in 49 ms 
13:41:51.371 [http-nio-8080-exec-5] WARN  o.s.w.s.m.m.a.ExceptionHandlerExceptionResolver - Resolved exception caused by Handler execution: com.enter.exception.PageException: 未登陆 
13:42:01.831 [http-nio-8080-exec-5] INFO  com.enter.util.CheckUserLogin - login------------------------------------------------0E06290E3B283FD414AA0C8462B22A54 
13:59:46.466 [Thread-37] INFO  o.s.b.c.e.AnnotationConfigEmbeddedWebApplicationContext - Closing org.springframework.boot.context.embedded.AnnotationConfigEmbeddedWebApplicationContext@55b3a50f: startup date [Fri Dec 08 13:41:42 CST 2017]; root of context hierarchy 
13:59:46.470 [Thread-37] INFO  o.s.j.e.a.AnnotationMBeanExporter - Unregistering JMX-exposed beans on shutdown 
13:59:46.472 [Thread-37] INFO  o.s.o.j.LocalContainerEntityManagerFactoryBean - Closing JPA EntityManagerFactory for persistence unit 'default' 
13:59:47.089 [restartedMain] INFO  com.enter.ShoppingApplication - Starting ShoppingApplication on PC-20170313TDVT with PID 23736 (F:\idea\shopping\target\classes started by Administrator in F:\idea\shopping) 
13:59:47.089 [restartedMain] INFO  com.enter.ShoppingApplication - No active profile set, falling back to default profiles: default 
13:59:47.093 [restartedMain] INFO  o.s.b.c.e.AnnotationConfigEmbeddedWebApplicationContext - Refreshing org.springframework.boot.context.embedded.AnnotationConfigEmbeddedWebApplicationContext@5677401e: startup date [Fri Dec 08 13:59:47 CST 2017]; root of context hierarchy 
13:59:48.283 [restartedMain] INFO  o.s.b.c.e.t.TomcatEmbeddedServletContainer - Tomcat initialized with port(s): 8080 (http) 
13:59:48.285 [restartedMain] INFO  o.a.catalina.core.StandardService - Starting service [Tomcat] 
13:59:48.285 [restartedMain] INFO  o.a.catalina.core.StandardEngine - Starting Servlet Engine: Apache Tomcat/8.5.20 
13:59:48.324 [localhost-startStop-1] INFO  o.a.c.c.C.[Tomcat].[localhost].[/] - Initializing Spring embedded WebApplicationContext 
13:59:48.325 [localhost-startStop-1] INFO  o.s.web.context.ContextLoader - Root WebApplicationContext: initialization completed in 1232 ms 
13:59:48.621 [localhost-startStop-1] INFO  o.s.b.w.s.ServletRegistrationBean - Mapping servlet: 'dispatcherServlet' to [/] 
13:59:48.622 [localhost-startStop-1] INFO  o.s.b.w.s.FilterRegistrationBean - Mapping filter: 'characterEncodingFilter' to: [/*] 
13:59:48.622 [localhost-startStop-1] INFO  o.s.b.w.s.FilterRegistrationBean - Mapping filter: 'hiddenHttpMethodFilter' to: [/*] 
13:59:48.622 [localhost-startStop-1] INFO  o.s.b.w.s.FilterRegistrationBean - Mapping filter: 'httpPutFormContentFilter' to: [/*] 
13:59:48.622 [localhost-startStop-1] INFO  o.s.b.w.s.FilterRegistrationBean - Mapping filter: 'requestContextFilter' to: [/*] 
13:59:49.168 [restartedMain] INFO  o.s.o.j.LocalContainerEntityManagerFactoryBean - Building JPA container EntityManagerFactory for persistence unit 'default' 
13:59:49.169 [restartedMain] INFO  o.h.jpa.internal.util.LogHelper - HHH000204: Processing PersistenceUnitInfo [
	name: default
	...] 
13:59:49.217 [restartedMain] INFO  org.hibernate.dialect.Dialect - HHH000400: Using dialect: org.hibernate.dialect.MySQL5Dialect 
13:59:49.318 [restartedMain] INFO  o.h.tool.hbm2ddl.SchemaUpdate - HHH000228: Running hbm2ddl schema update 
13:59:52.805 [restartedMain] INFO  o.s.o.j.LocalContainerEntityManagerFactoryBean - Initialized JPA EntityManagerFactory for persistence unit 'default' 
13:59:53.175 [restartedMain] INFO  o.h.h.i.QueryTranslatorFactoryInitiator - HHH000397: Using ASTQueryTranslatorFactory 
13:59:55.221 [restartedMain] INFO  o.s.w.s.m.m.a.RequestMappingHandlerAdapter - Looking for @ControllerAdvice: org.springframework.boot.context.embedded.AnnotationConfigEmbeddedWebApplicationContext@5677401e: startup date [Fri Dec 08 13:59:47 CST 2017]; root of context hierarchy 
13:59:55.414 [restartedMain] INFO  o.s.w.s.m.m.a.RequestMappingHandlerMapping - Mapped "{[/user/register],methods=[POST]}" onto public java.lang.Object com.enter.controller.AccountController.register(com.enter.entity.User) 
13:59:55.416 [restartedMain] INFO  o.s.w.s.m.m.a.RequestMappingHandlerMapping - Mapped "{[/user/checkValidCode],methods=[GET]}" onto public java.lang.Object com.enter.controller.AccountController.checkValidCode(java.lang.String,java.lang.String,java.lang.String) 
13:59:55.417 [restartedMain] INFO  o.s.w.s.m.m.a.RequestMappingHandlerMapping - Mapped "{[/user/validCode/email],methods=[GET]}" onto public java.lang.Object com.enter.controller.AccountController.sendValidCode(java.lang.String,java.lang.String) 
13:59:55.417 [restartedMain] INFO  o.s.w.s.m.m.a.RequestMappingHandlerMapping - Mapped "{[/user/validCode/message/{tel}],methods=[GET]}" onto public java.lang.Object com.enter.controller.AccountController.sendDxCode(java.lang.String) 
13:59:55.418 [restartedMain] INFO  o.s.w.s.m.m.a.RequestMappingHandlerMapping - Mapped "{[/user/login],methods=[POST]}" onto public java.lang.Object com.enter.controller.AccountController.login(java.lang.String,java.lang.String) 
13:59:55.418 [restartedMain] INFO  o.s.w.s.m.m.a.RequestMappingHandlerMapping - Mapped "{[/user/changePwd],methods=[POST]}" onto public java.lang.Object com.enter.controller.AccountController.changePwd(com.enter.entity.User) 
13:59:55.418 [restartedMain] INFO  o.s.w.s.m.m.a.RequestMappingHandlerMapping - Mapped "{[/user/logout],methods=[GET]}" onto public java.lang.String com.enter.controller.AccountController.logout() 
13:59:55.419 [restartedMain] INFO  o.s.w.s.m.m.a.RequestMappingHandlerMapping - Mapped "{[/user/address/temporaryAddress/set/id/{addressId}],methods=[GET]}" onto public java.lang.Object com.enter.controller.AddressController.setTemporaryAddress(java.lang.Long) 
13:59:55.420 [restartedMain] INFO  o.s.w.s.m.m.a.RequestMappingHandlerMapping - Mapped "{[/user/address/defaultAddress/modify/id/{addressId}],methods=[PUT]}" onto public java.lang.Object com.enter.controller.AddressController.setDefaultAddress(java.lang.Long,javax.servlet.http.HttpServletRequest) 
13:59:55.421 [restartedMain] INFO  o.s.w.s.m.m.a.RequestMappingHandlerMapping - Mapped "{[/user/address/delete/id/{addressId}],methods=[DELETE]}" onto public java.lang.Object com.enter.controller.AddressController.delAddress(java.lang.Long) 
13:59:55.421 [restartedMain] INFO  o.s.w.s.m.m.a.RequestMappingHandlerMapping - Mapped "{[/user/address/modify],methods=[PUT]}" onto public java.lang.Object com.enter.controller.AddressController.editAddress(com.enter.entity.Address,javax.servlet.http.HttpServletRequest) 
13:59:55.421 [restartedMain] INFO  o.s.w.s.m.m.a.RequestMappingHandlerMapping - Mapped "{[/user/address/deliveryId/{deliveryId}],methods=[GET]}" onto public java.lang.String com.enter.controller.AddressController.getDeliveryInfo(java.lang.String,org.springframework.ui.Model) 
13:59:55.422 [restartedMain] INFO  o.s.w.s.m.m.a.RequestMappingHandlerMapping - Mapped "{[/user/address/view/id/{addressId}],methods=[GET]}" onto public java.lang.Object com.enter.controller.AddressController.findAddressById(java.lang.Long) 
13:59:55.422 [restartedMain] INFO  o.s.w.s.m.m.a.RequestMappingHandlerMapping - Mapped "{[/user/address/add],methods=[POST]}" onto public java.lang.Object com.enter.controller.AddressController.addAddress(com.enter.entity.Address) 
13:59:55.422 [restartedMain] INFO  o.s.w.s.m.m.a.RequestMappingHandlerMapping - Mapped "{[/user/address/view],methods=[GET]}" onto public java.lang.Object com.enter.controller.AddressController.listMyAddress(org.springframework.ui.Model) 
13:59:55.423 [restartedMain] INFO  o.s.w.s.m.m.a.RequestMappingHandlerMapping - Mapped "{[/news/listNews]}" onto public java.lang.String com.enter.controller.NewsController.listNews(org.springframework.ui.Model) 
13:59:55.425 [restartedMain] INFO  o.s.w.s.m.m.a.RequestMappingHandlerMapping - Mapped "{[/user/orders/view/orderNo/{orderNum}],methods=[GET]}" onto public java.lang.String com.enter.controller.OrderController.findOrderById(java.lang.Long,org.springframework.ui.Model) 
13:59:55.425 [restartedMain] INFO  o.s.w.s.m.m.a.RequestMappingHandlerMapping - Mapped "{[/user/orders/generate/three],methods=[POST]}" onto public java.lang.Object com.enter.controller.OrderController.generatedTotalOrder(java.lang.String,java.lang.Long) 
13:59:55.425 [restartedMain] INFO  o.s.w.s.m.m.a.RequestMappingHandlerMapping - Mapped "{[/user/orders/status/{orderState}],methods=[GET]}" onto public java.lang.String com.enter.controller.OrderController.listMyOrderByStatus(org.springframework.ui.Model,java.lang.String) 
13:59:55.425 [restartedMain] INFO  o.s.w.s.m.m.a.RequestMappingHandlerMapping - Mapped "{[/user/orders/generate/two/trolleyIds/{trolleyIds}],methods=[GET]}" onto public java.lang.String com.enter.controller.OrderController.generatedOrder(java.lang.String,org.springframework.ui.Model) 
13:59:55.426 [restartedMain] INFO  o.s.w.s.m.m.a.RequestMappingHandlerMapping - Mapped "{[/user/orders/view],methods=[GET]}" onto public java.lang.String com.enter.controller.OrderController.listMyOrder(org.springframework.ui.Model) 
13:59:55.426 [restartedMain] INFO  o.s.w.s.m.m.a.RequestMappingHandlerMapping - Mapped "{[/user/orders/generate/one],methods=[POST]}" onto public java.lang.Object com.enter.controller.OrderController.addALLToOrder(java.lang.String) 
13:59:55.426 [restartedMain] INFO  o.s.w.s.m.m.a.RequestMappingHandlerMapping - Mapped "{[/user/orders/cancer/{orderNum}],methods=[PUT]}" onto public java.lang.Object com.enter.controller.OrderController.cancerOrders(java.lang.String) 
13:59:55.426 [restartedMain] INFO  o.s.w.s.m.m.a.RequestMappingHandlerMapping - Mapped "{[/user/orders/onlinePay/view/{orderNum}],methods=[GET]}" onto public java.lang.String com.enter.controller.OrderController.onlinePay(java.lang.String,org.springframework.ui.Model) 
13:59:55.426 [restartedMain] INFO  o.s.w.s.m.m.a.RequestMappingHandlerMapping - Mapped "{[/user/orders/nowBuy],methods=[POST]}" onto public java.lang.Object com.enter.controller.OrderController.nowBuy(java.lang.Long,java.lang.Integer,java.lang.String,java.lang.String) 
13:59:55.427 [restartedMain] INFO  o.s.w.s.m.m.a.RequestMappingHandlerMapping - Mapped "{[/product/view/id/{productId}],methods=[GET]}" onto public java.lang.String com.enter.controller.ProductController.findProductById(org.springframework.ui.Model,java.lang.Long) 
13:59:55.427 [restartedMain] INFO  o.s.w.s.m.m.a.RequestMappingHandlerMapping - Mapped "{[/product/view],methods=[GET]}" onto public java.lang.String com.enter.controller.ProductController.listMall(org.springframework.ui.Model) 
13:59:55.428 [restartedMain] INFO  o.s.w.s.m.m.a.RequestMappingHandlerMapping - Mapped "{[/user/service/view/status/{state}],methods=[GET]}" onto public java.lang.String com.enter.controller.SaleServiceController.findSaleServiceByUserAndState(org.springframework.ui.Model,java.lang.String) 
13:59:55.430 [restartedMain] INFO  o.s.w.s.m.m.a.RequestMappingHandlerMapping - Mapped "{[/user/service/cancer],methods=[PUT]}" onto public java.lang.Object com.enter.controller.SaleServiceController.cancerSaleService(java.lang.Long) 
13:59:55.430 [restartedMain] INFO  o.s.w.s.m.m.a.RequestMappingHandlerMapping - Mapped "{[/user/service/apply/{orderNum}],methods=[GET]}" onto public java.lang.String com.enter.controller.SaleServiceController.applyForSaleService(java.lang.String,org.springframework.ui.Model) 
13:59:55.431 [restartedMain] INFO  o.s.w.s.m.m.a.RequestMappingHandlerMapping - Mapped "{[/user/service/view/orderId/{orderId}],methods=[GET]}" onto public java.lang.String com.enter.controller.SaleServiceController.findSaleServiceByOrderId(java.lang.Long,org.springframework.ui.Model) 
13:59:55.431 [restartedMain] INFO  o.s.w.s.m.m.a.RequestMappingHandlerMapping - Mapped "{[/user/service/view],methods=[GET]}" onto public java.lang.String com.enter.controller.SaleServiceController.findSaleServiceByUser(org.springframework.ui.Model) 
13:59:55.431 [restartedMain] INFO  o.s.w.s.m.m.a.RequestMappingHandlerMapping - Mapped "{[/user/service/view/id/{id}],methods=[GET]}" onto public java.lang.String com.enter.controller.SaleServiceController.getSaleServiceById(java.lang.Long,org.springframework.ui.Model) 
13:59:55.431 [restartedMain] INFO  o.s.w.s.m.m.a.RequestMappingHandlerMapping - Mapped "{[/user/service/add],methods=[POST]}" onto public java.lang.Object com.enter.controller.SaleServiceController.addSaleService(com.enter.entity.SaleService) 
13:59:55.431 [restartedMain] INFO  o.s.w.s.m.m.a.RequestMappingHandlerMapping - Mapped "{[/user/service/tip/success],methods=[GET]}" onto public java.lang.String com.enter.controller.SaleServiceController.applySuccess() 
13:59:55.431 [restartedMain] INFO  o.s.w.s.m.m.a.RequestMappingHandlerMapping - Mapped "{[/]}" onto public java.lang.String com.enter.controller.StaticController.index(org.springframework.ui.Model) 
13:59:55.432 [restartedMain] INFO  o.s.w.s.m.m.a.RequestMappingHandlerMapping - Mapped "{[/media]}" onto public java.lang.String com.enter.controller.StaticController.media() 
13:59:55.432 [restartedMain] INFO  o.s.w.s.m.m.a.RequestMappingHandlerMapping - Mapped "{[/login]}" onto public java.lang.String com.enter.controller.StaticController.login() 
13:59:55.432 [restartedMain] INFO  o.s.w.s.m.m.a.RequestMappingHandlerMapping - Mapped "{[/deliveryInfo]}" onto public java.lang.String com.enter.controller.StaticController.deliveryInfo() 
13:59:55.432 [restartedMain] INFO  o.s.w.s.m.m.a.RequestMappingHandlerMapping - Mapped "{[/songs]}" onto public java.lang.String com.enter.controller.StaticController.songs() 
13:59:55.432 [restartedMain] INFO  o.s.w.s.m.m.a.RequestMappingHandlerMapping - Mapped "{[/music]}" onto public java.lang.String com.enter.controller.StaticController.music() 
13:59:55.436 [restartedMain] INFO  o.s.w.s.m.m.a.RequestMappingHandlerMapping - Mapped "{[/about]}" onto public java.lang.String com.enter.controller.StaticController.about() 
13:59:55.436 [restartedMain] INFO  o.s.w.s.m.m.a.RequestMappingHandlerMapping - Mapped "{[/discount]}" onto public java.lang.String com.enter.controller.StaticController.discount() 
13:59:55.436 [restartedMain] INFO  o.s.w.s.m.m.a.RequestMappingHandlerMapping - Mapped "{[/activity]}" onto public java.lang.String com.enter.controller.StaticController.activity() 
13:59:55.438 [restartedMain] INFO  o.s.w.s.m.m.a.RequestMappingHandlerMapping - Mapped "{[/contact]}" onto public java.lang.String com.enter.controller.StaticController.contact() 
13:59:55.439 [restartedMain] INFO  o.s.w.s.m.m.a.RequestMappingHandlerMapping - Mapped "{[/news]}" onto public java.lang.String com.enter.controller.StaticController.news() 
13:59:55.440 [restartedMain] INFO  o.s.w.s.m.m.a.RequestMappingHandlerMapping - Mapped "{[/user/trolley/totalCount],methods=[GET]}" onto public java.lang.Object com.enter.controller.TrolleyController.productCountFromTrolley() 
13:59:55.440 [restartedMain] INFO  o.s.w.s.m.m.a.RequestMappingHandlerMapping - Mapped "{[/user/trolley/delete/id/{trolleyId}],methods=[DELETE]}" onto public java.lang.Object com.enter.controller.TrolleyController.deleteFromTrolley(java.lang.Long) 
13:59:55.440 [restartedMain] INFO  o.s.w.s.m.m.a.RequestMappingHandlerMapping - Mapped "{[/user/trolley/delete/bacth/ids/{trolleyIds}],methods=[DELETE]}" onto public java.lang.Object com.enter.controller.TrolleyController.bacthDeleteFromTrolley(java.lang.String) 
13:59:55.440 [restartedMain] INFO  o.s.w.s.m.m.a.RequestMappingHandlerMapping - Mapped "{[/user/trolley/view],methods=[GET]}" onto public java.lang.String com.enter.controller.TrolleyController.listMyTrolley(org.springframework.ui.Model) 
13:59:55.440 [restartedMain] INFO  o.s.w.s.m.m.a.RequestMappingHandlerMapping - Mapped "{[/user/trolley/ajax/view],methods=[GET]}" onto public java.lang.Object com.enter.controller.TrolleyController.ajaxToMyTrolley() 
13:59:55.441 [restartedMain] INFO  o.s.w.s.m.m.a.RequestMappingHandlerMapping - Mapped "{[/user/trolley/add],methods=[POST]}" onto public java.lang.Object com.enter.controller.TrolleyController.addToTrolley(java.lang.Long,java.lang.Integer,java.lang.String,java.lang.String) 
13:59:55.442 [restartedMain] INFO  o.s.w.s.m.m.a.RequestMappingHandlerMapping - Mapped "{[/user/modify/userName],methods=[PUT]}" onto public java.lang.Object com.enter.controller.UserController.editUserName(java.lang.String) 
13:59:55.443 [restartedMain] INFO  o.s.w.s.m.m.a.RequestMappingHandlerMapping - Mapped "{[/user/overView],methods=[GET]}" onto public java.lang.String com.enter.controller.UserController.accountInfo(org.springframework.ui.Model) 
13:59:55.443 [restartedMain] INFO  o.s.w.s.m.m.a.RequestMappingHandlerMapping - Mapped "{[/user/modifyPwd],methods=[PUT]}" onto public java.lang.Object com.enter.controller.UserController.modifyPwd(java.lang.String,java.lang.String) 
13:59:55.443 [restartedMain] INFO  o.s.w.s.m.m.a.RequestMappingHandlerMapping - Mapped "{[/user/modify/email],methods=[PUT]}" onto public java.lang.Object com.enter.controller.UserController.modifyEmail(java.lang.String,java.lang.String) 
13:59:55.443 [restartedMain] INFO  o.s.w.s.m.m.a.RequestMappingHandlerMapping - Mapped "{[/user/tel/modify/],methods=[PUT]}" onto public java.lang.Object com.enter.controller.UserController.modifyTel(java.lang.String,java.lang.String) 
13:59:55.444 [restartedMain] INFO  o.s.w.s.m.m.a.RequestMappingHandlerMapping - Mapped "{[/error]}" onto public org.springframework.http.ResponseEntity<java.util.Map<java.lang.String, java.lang.Object>> org.springframework.boot.autoconfigure.web.BasicErrorController.error(javax.servlet.http.HttpServletRequest) 
13:59:55.445 [restartedMain] INFO  o.s.w.s.m.m.a.RequestMappingHandlerMapping - Mapped "{[/error],produces=[text/html]}" onto public org.springframework.web.servlet.ModelAndView org.springframework.boot.autoconfigure.web.BasicErrorController.errorHtml(javax.servlet.http.HttpServletRequest,javax.servlet.http.HttpServletResponse) 
13:59:55.631 [restartedMain] INFO  o.s.w.s.h.SimpleUrlHandlerMapping - Mapped URL path [/webjars/**] onto handler of type [class org.springframework.web.servlet.resource.ResourceHttpRequestHandler] 
13:59:55.632 [restartedMain] INFO  o.s.w.s.h.SimpleUrlHandlerMapping - Mapped URL path [/**] onto handler of type [class org.springframework.web.servlet.resource.ResourceHttpRequestHandler] 
13:59:55.656 [restartedMain] INFO  o.s.w.s.m.m.a.ExceptionHandlerExceptionResolver - Detected @ExceptionHandler methods in globalExceptionHandler 
13:59:55.712 [restartedMain] INFO  o.s.w.s.h.SimpleUrlHandlerMapping - Mapped URL path [/**/favicon.ico] onto handler of type [class org.springframework.web.servlet.resource.ResourceHttpRequestHandler] 
13:59:56.871 [restartedMain] INFO  o.s.b.d.a.OptionalLiveReloadServer - LiveReload server is running on port 35729 
13:59:57.028 [restartedMain] INFO  o.s.j.e.a.AnnotationMBeanExporter - Registering beans for JMX exposure on startup 
13:59:57.039 [restartedMain] INFO  o.s.b.c.e.t.TomcatEmbeddedServletContainer - Tomcat started on port(s): 8080 (http) 
13:59:57.041 [restartedMain] INFO  com.enter.ShoppingApplication - Started ShoppingApplication in 10.06 seconds (JVM running for 103366.484) 
