09:17:13.100 [restartedMain] INFO  com.enter.ShoppingApplication - Starting ShoppingApplication on PC-20170313TDVT with PID 23736 (F:\idea\shopping\target\classes started by Administrator in F:\idea\shopping) 
09:17:13.120 [restartedMain] INFO  com.enter.ShoppingApplication - No active profile set, falling back to default profiles: default 
09:17:13.340 [restartedMain] INFO  o.s.b.c.e.AnnotationConfigEmbeddedWebApplicationContext - Refreshing org.springframework.boot.context.embedded.AnnotationConfigEmbeddedWebApplicationContext@48bc1f8a: startup date [Thu Dec 07 09:17:13 CST 2017]; root of context hierarchy 
09:17:15.992 [restartedMain] INFO  o.s.b.c.e.t.TomcatEmbeddedServletContainer - Tomcat initialized with port(s): 8080 (http) 
09:17:16.002 [restartedMain] INFO  o.a.catalina.core.StandardService - Starting service [Tomcat] 
09:17:16.012 [restartedMain] INFO  o.a.catalina.core.StandardEngine - Starting Servlet Engine: Apache Tomcat/8.5.20 
09:17:16.122 [localhost-startStop-1] INFO  o.a.c.c.C.[Tomcat].[localhost].[/] - Initializing Spring embedded WebApplicationContext 
09:17:16.122 [localhost-startStop-1] INFO  o.s.web.context.ContextLoader - Root WebApplicationContext: initialization completed in 2782 ms 
09:17:16.603 [localhost-startStop-1] INFO  o.s.b.w.s.ServletRegistrationBean - Mapping servlet: 'dispatcherServlet' to [/] 
09:17:16.603 [localhost-startStop-1] INFO  o.s.b.w.s.FilterRegistrationBean - Mapping filter: 'characterEncodingFilter' to: [/*] 
09:17:16.603 [localhost-startStop-1] INFO  o.s.b.w.s.FilterRegistrationBean - Mapping filter: 'hiddenHttpMethodFilter' to: [/*] 
09:17:16.603 [localhost-startStop-1] INFO  o.s.b.w.s.FilterRegistrationBean - Mapping filter: 'httpPutFormContentFilter' to: [/*] 
09:17:16.603 [localhost-startStop-1] INFO  o.s.b.w.s.FilterRegistrationBean - Mapping filter: 'requestContextFilter' to: [/*] 
09:17:17.425 [restartedMain] INFO  o.s.o.j.LocalContainerEntityManagerFactoryBean - Building JPA container EntityManagerFactory for persistence unit 'default' 
09:17:17.435 [restartedMain] INFO  o.h.jpa.internal.util.LogHelper - HHH000204: Processing PersistenceUnitInfo [
	name: default
	...] 
09:17:17.545 [restartedMain] INFO  org.hibernate.Version - HHH000412: Hibernate Core {5.0.12.Final} 
09:17:17.545 [restartedMain] INFO  org.hibernate.cfg.Environment - HHH000206: hibernate.properties not found 
09:17:17.545 [restartedMain] INFO  org.hibernate.cfg.Environment - HHH000021: Bytecode provider name : javassist 
09:17:17.595 [restartedMain] INFO  o.h.annotations.common.Version - HCANN000001: Hibernate Commons Annotations {5.0.1.Final} 
09:17:17.735 [restartedMain] INFO  org.hibernate.dialect.Dialect - HHH000400: Using dialect: org.hibernate.dialect.MySQL5Dialect 
09:17:18.177 [restartedMain] INFO  o.h.tool.hbm2ddl.SchemaUpdate - HHH000228: Running hbm2ddl schema update 
09:17:18.907 [restartedMain] INFO  o.s.o.j.LocalContainerEntityManagerFactoryBean - Initialized JPA EntityManagerFactory for persistence unit 'default' 
09:17:19.427 [restartedMain] INFO  o.h.h.i.QueryTranslatorFactoryInitiator - HHH000397: Using ASTQueryTranslatorFactory 
09:17:21.473 [restartedMain] INFO  o.s.w.s.m.m.a.RequestMappingHandlerAdapter - Looking for @ControllerAdvice: org.springframework.boot.context.embedded.AnnotationConfigEmbeddedWebApplicationContext@48bc1f8a: startup date [Thu Dec 07 09:17:13 CST 2017]; root of context hierarchy 
09:17:21.663 [restartedMain] INFO  o.s.w.s.m.m.a.RequestMappingHandlerMapping - Mapped "{[/user/register],methods=[POST]}" onto public java.lang.Object com.enter.controller.AccountController.register(com.enter.entity.User) 
09:17:21.663 [restartedMain] INFO  o.s.w.s.m.m.a.RequestMappingHandlerMapping - Mapped "{[/user/checkValidCode],methods=[GET]}" onto public java.lang.Object com.enter.controller.AccountController.checkValidCode(java.lang.String,java.lang.String,java.lang.String) 
09:17:21.663 [restartedMain] INFO  o.s.w.s.m.m.a.RequestMappingHandlerMapping - Mapped "{[/user/validCode/email],methods=[GET]}" onto public java.lang.Object com.enter.controller.AccountController.sendValidCode(java.lang.String,java.lang.String) 
09:17:21.663 [restartedMain] INFO  o.s.w.s.m.m.a.RequestMappingHandlerMapping - Mapped "{[/user/validCode/message/{tel}],methods=[GET]}" onto public java.lang.Object com.enter.controller.AccountController.sendDxCode(java.lang.String) 
09:17:21.663 [restartedMain] INFO  o.s.w.s.m.m.a.RequestMappingHandlerMapping - Mapped "{[/user/login],methods=[POST]}" onto public java.lang.Object com.enter.controller.AccountController.login(java.lang.String,java.lang.String) 
09:17:21.663 [restartedMain] INFO  o.s.w.s.m.m.a.RequestMappingHandlerMapping - Mapped "{[/user/changePwd],methods=[POST]}" onto public java.lang.Object com.enter.controller.AccountController.changePwd(com.enter.entity.User) 
09:17:21.663 [restartedMain] INFO  o.s.w.s.m.m.a.RequestMappingHandlerMapping - Mapped "{[/user/logout],methods=[GET]}" onto public java.lang.String com.enter.controller.AccountController.logout() 
09:17:21.673 [restartedMain] INFO  o.s.w.s.m.m.a.RequestMappingHandlerMapping - Mapped "{[/user/address/temporaryAddress/set/id/{addressId}],methods=[GET]}" onto public java.lang.Object com.enter.controller.AddressController.setTemporaryAddress(java.lang.Long) 
09:17:21.673 [restartedMain] INFO  o.s.w.s.m.m.a.RequestMappingHandlerMapping - Mapped "{[/user/address/defaultAddress/modify/id/{addressId}],methods=[PUT]}" onto public java.lang.Object com.enter.controller.AddressController.setDefaultAddress(java.lang.Long,javax.servlet.http.HttpServletRequest) 
09:17:21.673 [restartedMain] INFO  o.s.w.s.m.m.a.RequestMappingHandlerMapping - Mapped "{[/user/address/delete/id/{addressId}],methods=[DELETE]}" onto public java.lang.Object com.enter.controller.AddressController.delAddress(java.lang.Long) 
09:17:21.673 [restartedMain] INFO  o.s.w.s.m.m.a.RequestMappingHandlerMapping - Mapped "{[/user/address/modify],methods=[PUT]}" onto public java.lang.Object com.enter.controller.AddressController.editAddress(com.enter.entity.Address,javax.servlet.http.HttpServletRequest) 
09:17:21.673 [restartedMain] INFO  o.s.w.s.m.m.a.RequestMappingHandlerMapping - Mapped "{[/user/address/deliveryId/{deliveryId}],methods=[GET]}" onto public java.lang.String com.enter.controller.AddressController.getDeliveryInfo(java.lang.String,org.springframework.ui.Model) 
09:17:21.673 [restartedMain] INFO  o.s.w.s.m.m.a.RequestMappingHandlerMapping - Mapped "{[/user/address/view/id/{addressId}],methods=[GET]}" onto public java.lang.Object com.enter.controller.AddressController.findAddressById(java.lang.Long) 
09:17:21.673 [restartedMain] INFO  o.s.w.s.m.m.a.RequestMappingHandlerMapping - Mapped "{[/user/address/add],methods=[POST]}" onto public java.lang.Object com.enter.controller.AddressController.addAddress(com.enter.entity.Address) 
09:17:21.673 [restartedMain] INFO  o.s.w.s.m.m.a.RequestMappingHandlerMapping - Mapped "{[/user/address/view],methods=[GET]}" onto public java.lang.Object com.enter.controller.AddressController.listMyAddress(org.springframework.ui.Model) 
09:17:21.673 [restartedMain] INFO  o.s.w.s.m.m.a.RequestMappingHandlerMapping - Mapped "{[/news/listNews]}" onto public java.lang.String com.enter.controller.NewsController.listNews(org.springframework.ui.Model) 
09:17:21.673 [restartedMain] INFO  o.s.w.s.m.m.a.RequestMappingHandlerMapping - Mapped "{[/user/orders/view/orderNo/{orderNum}],methods=[GET]}" onto public java.lang.String com.enter.controller.OrderController.findOrderById(java.lang.Long,org.springframework.ui.Model) 
09:17:21.673 [restartedMain] INFO  o.s.w.s.m.m.a.RequestMappingHandlerMapping - Mapped "{[/user/orders/generate/three],methods=[POST]}" onto public java.lang.Object com.enter.controller.OrderController.generatedTotalOrder(java.lang.String,java.lang.Long) 
09:17:21.673 [restartedMain] INFO  o.s.w.s.m.m.a.RequestMappingHandlerMapping - Mapped "{[/user/orders/status/{orderState}],methods=[GET]}" onto public java.lang.String com.enter.controller.OrderController.listMyOrderByStatus(org.springframework.ui.Model,java.lang.String) 
09:17:21.683 [restartedMain] INFO  o.s.w.s.m.m.a.RequestMappingHandlerMapping - Mapped "{[/user/orders/generate/two/trolleyIds/{trolleyIds}],methods=[GET]}" onto public java.lang.String com.enter.controller.OrderController.generatedOrder(java.lang.String,org.springframework.ui.Model) 
09:17:21.683 [restartedMain] INFO  o.s.w.s.m.m.a.RequestMappingHandlerMapping - Mapped "{[/user/orders/view],methods=[GET]}" onto public java.lang.String com.enter.controller.OrderController.listMyOrder(org.springframework.ui.Model) 
09:17:21.683 [restartedMain] INFO  o.s.w.s.m.m.a.RequestMappingHandlerMapping - Mapped "{[/user/orders/generate/one],methods=[POST]}" onto public java.lang.Object com.enter.controller.OrderController.addALLToOrder(java.lang.String) 
09:17:21.683 [restartedMain] INFO  o.s.w.s.m.m.a.RequestMappingHandlerMapping - Mapped "{[/user/orders/cancer/{orderNum}],methods=[PUT]}" onto public java.lang.Object com.enter.controller.OrderController.cancerOrders(java.lang.String) 
09:17:21.683 [restartedMain] INFO  o.s.w.s.m.m.a.RequestMappingHandlerMapping - Mapped "{[/user/orders/onlinePay/view/{orderNum}],methods=[GET]}" onto public java.lang.String com.enter.controller.OrderController.onlinePay(java.lang.String,org.springframework.ui.Model) 
09:17:21.683 [restartedMain] INFO  o.s.w.s.m.m.a.RequestMappingHandlerMapping - Mapped "{[/user/orders/nowBuy],methods=[POST]}" onto public java.lang.Object com.enter.controller.OrderController.nowBuy(java.lang.Long,java.lang.Integer,java.lang.String,java.lang.String) 
09:17:21.683 [restartedMain] INFO  o.s.w.s.m.m.a.RequestMappingHandlerMapping - Mapped "{[/product/view/id/{productId}],methods=[GET]}" onto public java.lang.String com.enter.controller.ProductController.findProductById(org.springframework.ui.Model,java.lang.Long) 
09:17:21.683 [restartedMain] INFO  o.s.w.s.m.m.a.RequestMappingHandlerMapping - Mapped "{[/product/view],methods=[GET]}" onto public java.lang.String com.enter.controller.ProductController.listMall(org.springframework.ui.Model) 
09:17:21.683 [restartedMain] INFO  o.s.w.s.m.m.a.RequestMappingHandlerMapping - Mapped "{[/user/service/view/status/{state}],methods=[GET]}" onto public java.lang.String com.enter.controller.SaleServiceController.findSaleServiceByUserAndState(org.springframework.ui.Model,java.lang.String) 
09:17:21.683 [restartedMain] INFO  o.s.w.s.m.m.a.RequestMappingHandlerMapping - Mapped "{[/user/service/cancer],methods=[PUT]}" onto public java.lang.Object com.enter.controller.SaleServiceController.cancerSaleService(java.lang.Long) 
09:17:21.683 [restartedMain] INFO  o.s.w.s.m.m.a.RequestMappingHandlerMapping - Mapped "{[/user/service/apply/{orderNum}],methods=[GET]}" onto public java.lang.String com.enter.controller.SaleServiceController.applyForSaleService(java.lang.String,org.springframework.ui.Model) 
09:17:21.683 [restartedMain] INFO  o.s.w.s.m.m.a.RequestMappingHandlerMapping - Mapped "{[/user/service/view/orderId/{orderId}],methods=[GET]}" onto public java.lang.String com.enter.controller.SaleServiceController.findSaleServiceByOrderId(java.lang.Long,org.springframework.ui.Model) 
09:17:21.683 [restartedMain] INFO  o.s.w.s.m.m.a.RequestMappingHandlerMapping - Mapped "{[/user/service/view],methods=[GET]}" onto public java.lang.String com.enter.controller.SaleServiceController.findSaleServiceByUser(org.springframework.ui.Model) 
09:17:21.683 [restartedMain] INFO  o.s.w.s.m.m.a.RequestMappingHandlerMapping - Mapped "{[/user/service/view/id/{id}],methods=[GET]}" onto public java.lang.String com.enter.controller.SaleServiceController.getSaleServiceById(java.lang.Long,org.springframework.ui.Model) 
09:17:21.683 [restartedMain] INFO  o.s.w.s.m.m.a.RequestMappingHandlerMapping - Mapped "{[/user/service/add],methods=[POST]}" onto public java.lang.Object com.enter.controller.SaleServiceController.addSaleService(com.enter.entity.SaleService) 
09:17:21.683 [restartedMain] INFO  o.s.w.s.m.m.a.RequestMappingHandlerMapping - Mapped "{[/user/service/tip/success],methods=[GET]}" onto public java.lang.String com.enter.controller.SaleServiceController.applySuccess() 
09:17:21.683 [restartedMain] INFO  o.s.w.s.m.m.a.RequestMappingHandlerMapping - Mapped "{[/]}" onto public java.lang.String com.enter.controller.StaticController.index(org.springframework.ui.Model) 
09:17:21.693 [restartedMain] INFO  o.s.w.s.m.m.a.RequestMappingHandlerMapping - Mapped "{[/media]}" onto public java.lang.String com.enter.controller.StaticController.media() 
09:17:21.693 [restartedMain] INFO  o.s.w.s.m.m.a.RequestMappingHandlerMapping - Mapped "{[/login]}" onto public java.lang.String com.enter.controller.StaticController.login() 
09:17:21.693 [restartedMain] INFO  o.s.w.s.m.m.a.RequestMappingHandlerMapping - Mapped "{[/deliveryInfo]}" onto public java.lang.String com.enter.controller.StaticController.deliveryInfo() 
09:17:21.693 [restartedMain] INFO  o.s.w.s.m.m.a.RequestMappingHandlerMapping - Mapped "{[/songs]}" onto public java.lang.String com.enter.controller.StaticController.songs() 
09:17:21.693 [restartedMain] INFO  o.s.w.s.m.m.a.RequestMappingHandlerMapping - Mapped "{[/music]}" onto public java.lang.String com.enter.controller.StaticController.music() 
09:17:21.693 [restartedMain] INFO  o.s.w.s.m.m.a.RequestMappingHandlerMapping - Mapped "{[/about]}" onto public java.lang.String com.enter.controller.StaticController.about() 
09:17:21.693 [restartedMain] INFO  o.s.w.s.m.m.a.RequestMappingHandlerMapping - Mapped "{[/discount]}" onto public java.lang.String com.enter.controller.StaticController.discount() 
09:17:21.693 [restartedMain] INFO  o.s.w.s.m.m.a.RequestMappingHandlerMapping - Mapped "{[/activity]}" onto public java.lang.String com.enter.controller.StaticController.activity() 
09:17:21.693 [restartedMain] INFO  o.s.w.s.m.m.a.RequestMappingHandlerMapping - Mapped "{[/contact]}" onto public java.lang.String com.enter.controller.StaticController.contact() 
09:17:21.693 [restartedMain] INFO  o.s.w.s.m.m.a.RequestMappingHandlerMapping - Mapped "{[/news]}" onto public java.lang.String com.enter.controller.StaticController.news() 
09:17:21.693 [restartedMain] INFO  o.s.w.s.m.m.a.RequestMappingHandlerMapping - Mapped "{[/user/trolley/totalCount],methods=[GET]}" onto public java.lang.Object com.enter.controller.TrolleyController.productCountFromTrolley() 
09:17:21.693 [restartedMain] INFO  o.s.w.s.m.m.a.RequestMappingHandlerMapping - Mapped "{[/user/trolley/delete/id/{trolleyId}],methods=[DELETE]}" onto public java.lang.Object com.enter.controller.TrolleyController.deleteFromTrolley(java.lang.Long) 
09:17:21.693 [restartedMain] INFO  o.s.w.s.m.m.a.RequestMappingHandlerMapping - Mapped "{[/user/trolley/delete/bacth/ids/{trolleyIds}],methods=[DELETE]}" onto public java.lang.Object com.enter.controller.TrolleyController.bacthDeleteFromTrolley(java.lang.String) 
09:17:21.693 [restartedMain] INFO  o.s.w.s.m.m.a.RequestMappingHandlerMapping - Mapped "{[/user/trolley/view],methods=[GET]}" onto public java.lang.String com.enter.controller.TrolleyController.listMyTrolley(org.springframework.ui.Model) 
09:17:21.693 [restartedMain] INFO  o.s.w.s.m.m.a.RequestMappingHandlerMapping - Mapped "{[/user/trolley/ajax/view],methods=[GET]}" onto public java.lang.Object com.enter.controller.TrolleyController.ajaxToMyTrolley() 
09:17:21.693 [restartedMain] INFO  o.s.w.s.m.m.a.RequestMappingHandlerMapping - Mapped "{[/user/trolley/add],methods=[POST]}" onto public java.lang.Object com.enter.controller.TrolleyController.addToTrolley(java.lang.Long,java.lang.Integer,java.lang.String,java.lang.String) 
09:17:21.693 [restartedMain] INFO  o.s.w.s.m.m.a.RequestMappingHandlerMapping - Mapped "{[/user/modify/userName],methods=[PUT]}" onto public java.lang.Object com.enter.controller.UserController.editUserName(java.lang.String) 
09:17:21.693 [restartedMain] INFO  o.s.w.s.m.m.a.RequestMappingHandlerMapping - Mapped "{[/user/overView],methods=[GET]}" onto public java.lang.String com.enter.controller.UserController.accountInfo(org.springframework.ui.Model) 
09:17:21.703 [restartedMain] INFO  o.s.w.s.m.m.a.RequestMappingHandlerMapping - Mapped "{[/user/modifyPwd],methods=[PUT]}" onto public java.lang.Object com.enter.controller.UserController.modifyPwd(java.lang.String,java.lang.String) 
09:17:21.703 [restartedMain] INFO  o.s.w.s.m.m.a.RequestMappingHandlerMapping - Mapped "{[/user/modify/email],methods=[PUT]}" onto public java.lang.Object com.enter.controller.UserController.modifyEmail(java.lang.String,java.lang.String) 
09:17:21.703 [restartedMain] INFO  o.s.w.s.m.m.a.RequestMappingHandlerMapping - Mapped "{[/user/tel/modify/],methods=[PUT]}" onto public java.lang.Object com.enter.controller.UserController.modifyTel(java.lang.String,java.lang.String) 
09:17:21.703 [restartedMain] INFO  o.s.w.s.m.m.a.RequestMappingHandlerMapping - Mapped "{[/error]}" onto public org.springframework.http.ResponseEntity<java.util.Map<java.lang.String, java.lang.Object>> org.springframework.boot.autoconfigure.web.BasicErrorController.error(javax.servlet.http.HttpServletRequest) 
09:17:21.703 [restartedMain] INFO  o.s.w.s.m.m.a.RequestMappingHandlerMapping - Mapped "{[/error],produces=[text/html]}" onto public org.springframework.web.servlet.ModelAndView org.springframework.boot.autoconfigure.web.BasicErrorController.errorHtml(javax.servlet.http.HttpServletRequest,javax.servlet.http.HttpServletResponse) 
09:17:21.933 [restartedMain] INFO  o.s.w.s.h.SimpleUrlHandlerMapping - Mapped URL path [/webjars/**] onto handler of type [class org.springframework.web.servlet.resource.ResourceHttpRequestHandler] 
09:17:21.933 [restartedMain] INFO  o.s.w.s.h.SimpleUrlHandlerMapping - Mapped URL path [/**] onto handler of type [class org.springframework.web.servlet.resource.ResourceHttpRequestHandler] 
09:17:21.973 [restartedMain] INFO  o.s.w.s.m.m.a.ExceptionHandlerExceptionResolver - Detected @ExceptionHandler methods in globalExceptionHandler 
09:17:22.033 [restartedMain] INFO  o.s.w.s.h.SimpleUrlHandlerMapping - Mapped URL path [/**/favicon.ico] onto handler of type [class org.springframework.web.servlet.resource.ResourceHttpRequestHandler] 
09:17:23.615 [restartedMain] INFO  o.s.b.d.a.OptionalLiveReloadServer - LiveReload server is running on port 35729 
09:17:23.715 [restartedMain] INFO  o.s.j.e.a.AnnotationMBeanExporter - Registering beans for JMX exposure on startup 
09:17:23.775 [restartedMain] INFO  o.s.b.c.e.t.TomcatEmbeddedServletContainer - Tomcat started on port(s): 8080 (http) 
09:17:23.785 [restartedMain] INFO  com.enter.ShoppingApplication - Started ShoppingApplication in 10.966 seconds (JVM running for 13.23) 
09:17:29.221 [http-nio-8080-exec-1] INFO  o.a.c.c.C.[Tomcat].[localhost].[/] - Initializing Spring FrameworkServlet 'dispatcherServlet' 
09:17:29.221 [http-nio-8080-exec-1] INFO  o.s.web.servlet.DispatcherServlet - FrameworkServlet 'dispatcherServlet': initialization started 
09:17:29.282 [http-nio-8080-exec-1] INFO  o.s.web.servlet.DispatcherServlet - FrameworkServlet 'dispatcherServlet': initialization completed in 61 ms 
09:17:32.473 [http-nio-8080-exec-10] WARN  o.s.w.s.m.m.a.ExceptionHandlerExceptionResolver - Resolved exception caused by Handler execution: com.enter.exception.ShoppingException: 未登陆 
09:17:40.711 [http-nio-8080-exec-4] INFO  o.a.tomcat.util.http.parser.Cookie - A cookie header was received [@qq.com=123456; JSESSIONID=9C84A9F8B373C0E1E2450A62C50A9E24] that contained an invalid cookie. That cookie will be ignored.Note: further occurrences of this error will be logged at DEBUG level. 
09:17:53.933 [http-nio-8080-exec-1] INFO  com.enter.util.CheckUserLogin - login------------------------------------------------9C84A9F8B373C0E1E2450A62C50A9E24 
