11:02:51.224 [restartedMain] INFO  com.enter.ShoppingApplication - Starting ShoppingApplication on PC-20170313TDVT with PID 17124 (F:\idea\shopping\target\classes started by Administrator in F:\idea\shopping) 
11:02:51.265 [restartedMain] INFO  com.enter.ShoppingApplication - No active profile set, falling back to default profiles: default 
11:02:51.525 [restartedMain] INFO  o.s.b.c.e.AnnotationConfigEmbeddedWebApplicationContext - Refreshing org.springframework.boot.context.embedded.AnnotationConfigEmbeddedWebApplicationContext@2fa09463: startup date [Mon Dec 04 11:02:51 CST 2017]; root of context hierarchy 
11:02:54.707 [restartedMain] INFO  o.s.b.c.e.t.TomcatEmbeddedServletContainer - Tomcat initialized with port(s): 8080 (http) 
11:02:54.727 [restartedMain] INFO  o.a.catalina.core.StandardService - Starting service [Tomcat] 
11:02:54.729 [restartedMain] INFO  o.a.catalina.core.StandardEngine - Starting Servlet Engine: Apache Tomcat/8.5.20 
11:02:54.902 [localhost-startStop-1] INFO  o.a.c.c.C.[Tomcat].[localhost].[/] - Initializing Spring embedded WebApplicationContext 
11:02:54.902 [localhost-startStop-1] INFO  o.s.web.context.ContextLoader - Root WebApplicationContext: initialization completed in 3377 ms 
11:02:55.710 [localhost-startStop-1] INFO  o.s.b.w.s.ServletRegistrationBean - Mapping servlet: 'dispatcherServlet' to [/] 
11:02:55.718 [localhost-startStop-1] INFO  o.s.b.w.s.FilterRegistrationBean - Mapping filter: 'characterEncodingFilter' to: [/*] 
11:02:55.720 [localhost-startStop-1] INFO  o.s.b.w.s.FilterRegistrationBean - Mapping filter: 'hiddenHttpMethodFilter' to: [/*] 
11:02:55.721 [localhost-startStop-1] INFO  o.s.b.w.s.FilterRegistrationBean - Mapping filter: 'httpPutFormContentFilter' to: [/*] 
11:02:55.722 [localhost-startStop-1] INFO  o.s.b.w.s.FilterRegistrationBean - Mapping filter: 'requestContextFilter' to: [/*] 
11:02:56.801 [restartedMain] INFO  o.s.o.j.LocalContainerEntityManagerFactoryBean - Building JPA container EntityManagerFactory for persistence unit 'default' 
11:02:56.899 [restartedMain] INFO  o.h.jpa.internal.util.LogHelper - HHH000204: Processing PersistenceUnitInfo [
	name: default
	...] 
11:02:56.963 [restartedMain] INFO  org.hibernate.Version - HHH000412: Hibernate Core {5.0.12.Final} 
11:02:56.965 [restartedMain] INFO  org.hibernate.cfg.Environment - HHH000206: hibernate.properties not found 
11:02:56.967 [restartedMain] INFO  org.hibernate.cfg.Environment - HHH000021: Bytecode provider name : javassist 
11:02:57.014 [restartedMain] INFO  o.h.annotations.common.Version - HCANN000001: Hibernate Commons Annotations {5.0.1.Final} 
11:02:57.203 [restartedMain] INFO  org.hibernate.dialect.Dialect - HHH000400: Using dialect: org.hibernate.dialect.MySQL5Dialect 
11:02:57.804 [restartedMain] INFO  o.h.tool.hbm2ddl.SchemaUpdate - HHH000228: Running hbm2ddl schema update 
11:02:58.427 [restartedMain] INFO  o.s.o.j.LocalContainerEntityManagerFactoryBean - Initialized JPA EntityManagerFactory for persistence unit 'default' 
11:02:59.340 [restartedMain] INFO  o.h.h.i.QueryTranslatorFactoryInitiator - HHH000397: Using ASTQueryTranslatorFactory 
11:03:01.975 [restartedMain] INFO  o.s.w.s.m.m.a.RequestMappingHandlerAdapter - Looking for @ControllerAdvice: org.springframework.boot.context.embedded.AnnotationConfigEmbeddedWebApplicationContext@2fa09463: startup date [Mon Dec 04 11:02:51 CST 2017]; root of context hierarchy 
11:03:02.199 [restartedMain] INFO  o.s.w.s.m.m.a.RequestMappingHandlerMapping - Mapped "{[/user/register],methods=[POST]}" onto public java.lang.Object com.enter.controller.AccountController.register(com.enter.entity.User) 
11:03:02.200 [restartedMain] INFO  o.s.w.s.m.m.a.RequestMappingHandlerMapping - Mapped "{[/user/changePwd],methods=[POST]}" onto public java.lang.Object com.enter.controller.AccountController.changePwd(com.enter.entity.User) 
11:03:02.201 [restartedMain] INFO  o.s.w.s.m.m.a.RequestMappingHandlerMapping - Mapped "{[/user/logout],methods=[GET]}" onto public java.lang.String com.enter.controller.AccountController.logout() 
11:03:02.201 [restartedMain] INFO  o.s.w.s.m.m.a.RequestMappingHandlerMapping - Mapped "{[/user/validCode/email],methods=[GET]}" onto public java.lang.Object com.enter.controller.AccountController.sendValidCode(java.lang.String,java.lang.String) 
11:03:02.203 [restartedMain] INFO  o.s.w.s.m.m.a.RequestMappingHandlerMapping - Mapped "{[/user/login],methods=[POST]}" onto public java.lang.Object com.enter.controller.AccountController.login(java.lang.String,java.lang.String) 
11:03:02.203 [restartedMain] INFO  o.s.w.s.m.m.a.RequestMappingHandlerMapping - Mapped "{[/user/validCode/message/{tel}],methods=[GET]}" onto public java.lang.Object com.enter.controller.AccountController.sendDxCode(java.lang.String) 
11:03:02.203 [restartedMain] INFO  o.s.w.s.m.m.a.RequestMappingHandlerMapping - Mapped "{[/user/checkValidCode],methods=[GET]}" onto public java.lang.Object com.enter.controller.AccountController.checkValidCode(java.lang.String,java.lang.String,java.lang.String) 
11:03:02.206 [restartedMain] INFO  o.s.w.s.m.m.a.RequestMappingHandlerMapping - Mapped "{[/user/address/temporaryAddress/set/id/{addressId}],methods=[GET]}" onto public java.lang.Object com.enter.controller.AddressController.setTemporaryAddress(java.lang.Long) 
11:03:02.208 [restartedMain] INFO  o.s.w.s.m.m.a.RequestMappingHandlerMapping - Mapped "{[/user/address/defaultAddress/modify/id/{addressId}],methods=[PUT]}" onto public java.lang.Object com.enter.controller.AddressController.setDefaultAddress(java.lang.Long,javax.servlet.http.HttpServletRequest) 
11:03:02.208 [restartedMain] INFO  o.s.w.s.m.m.a.RequestMappingHandlerMapping - Mapped "{[/user/address/delete/id/{addressId}],methods=[DELETE]}" onto public java.lang.Object com.enter.controller.AddressController.delAddress(java.lang.Long) 
11:03:02.208 [restartedMain] INFO  o.s.w.s.m.m.a.RequestMappingHandlerMapping - Mapped "{[/user/address/deliveryId/{deliveryId}],methods=[GET]}" onto public java.lang.String com.enter.controller.AddressController.getDeliveryInfo(java.lang.String,org.springframework.ui.Model) 
11:03:02.208 [restartedMain] INFO  o.s.w.s.m.m.a.RequestMappingHandlerMapping - Mapped "{[/user/address/view/id/{addressId}],methods=[GET]}" onto public java.lang.Object com.enter.controller.AddressController.findAddressById(java.lang.Long) 
11:03:02.209 [restartedMain] INFO  o.s.w.s.m.m.a.RequestMappingHandlerMapping - Mapped "{[/user/address/view],methods=[GET]}" onto public java.lang.Object com.enter.controller.AddressController.listMyAddress(org.springframework.ui.Model) 
11:03:02.209 [restartedMain] INFO  o.s.w.s.m.m.a.RequestMappingHandlerMapping - Mapped "{[/user/address/modify],methods=[PUT]}" onto public java.lang.Object com.enter.controller.AddressController.editAddress(com.enter.entity.Address,javax.servlet.http.HttpServletRequest) 
11:03:02.209 [restartedMain] INFO  o.s.w.s.m.m.a.RequestMappingHandlerMapping - Mapped "{[/user/address/add],methods=[POST]}" onto public java.lang.Object com.enter.controller.AddressController.addAddress(com.enter.entity.Address) 
11:03:02.210 [restartedMain] INFO  o.s.w.s.m.m.a.RequestMappingHandlerMapping - Mapped "{[/news/listNews]}" onto public java.lang.String com.enter.controller.NewsController.listNews(org.springframework.ui.Model) 
11:03:02.213 [restartedMain] INFO  o.s.w.s.m.m.a.RequestMappingHandlerMapping - Mapped "{[/user/orders/generate/three],methods=[POST]}" onto public java.lang.Object com.enter.controller.OrderController.generatedTotalOrder(java.lang.String,java.lang.Long) 
11:03:02.213 [restartedMain] INFO  o.s.w.s.m.m.a.RequestMappingHandlerMapping - Mapped "{[/user/orders/status/{orderState}],methods=[GET]}" onto public java.lang.String com.enter.controller.OrderController.listMyOrderByStatus(org.springframework.ui.Model,java.lang.String) 
11:03:02.213 [restartedMain] INFO  o.s.w.s.m.m.a.RequestMappingHandlerMapping - Mapped "{[/user/orders/cancer/{orderNum}],methods=[PUT]}" onto public java.lang.Object com.enter.controller.OrderController.cancerOrders(java.lang.String) 
11:03:02.214 [restartedMain] INFO  o.s.w.s.m.m.a.RequestMappingHandlerMapping - Mapped "{[/user/orders/nowBuy],methods=[POST]}" onto public java.lang.Object com.enter.controller.OrderController.nowBuy(java.lang.Long,java.lang.Integer,java.lang.String) 
11:03:02.214 [restartedMain] INFO  o.s.w.s.m.m.a.RequestMappingHandlerMapping - Mapped "{[/user/orders/view/orderNo/{orderNum}],methods=[GET]}" onto public java.lang.String com.enter.controller.OrderController.findOrderById(java.lang.Long,org.springframework.ui.Model) 
11:03:02.214 [restartedMain] INFO  o.s.w.s.m.m.a.RequestMappingHandlerMapping - Mapped "{[/user/orders/onlinePay/view/{orderNum}],methods=[GET]}" onto public java.lang.String com.enter.controller.OrderController.onlinePay(java.lang.String,org.springframework.ui.Model) 
11:03:02.214 [restartedMain] INFO  o.s.w.s.m.m.a.RequestMappingHandlerMapping - Mapped "{[/user/orders/generate/two/trolleyIds/{trolleyIds}],methods=[GET]}" onto public java.lang.String com.enter.controller.OrderController.generatedOrder(java.lang.String,org.springframework.ui.Model) 
11:03:02.214 [restartedMain] INFO  o.s.w.s.m.m.a.RequestMappingHandlerMapping - Mapped "{[/user/orders/view],methods=[GET]}" onto public java.lang.String com.enter.controller.OrderController.listMyOrder(org.springframework.ui.Model) 
11:03:02.215 [restartedMain] INFO  o.s.w.s.m.m.a.RequestMappingHandlerMapping - Mapped "{[/user/orders/generate/one],methods=[POST]}" onto public java.lang.Object com.enter.controller.OrderController.addALLToOrder(java.lang.String) 
11:03:02.216 [restartedMain] INFO  o.s.w.s.m.m.a.RequestMappingHandlerMapping - Mapped "{[/product/findProductById]}" onto public java.lang.String com.enter.controller.ProductController.findProductById(org.springframework.ui.Model,java.lang.Long) 
11:03:02.216 [restartedMain] INFO  o.s.w.s.m.m.a.RequestMappingHandlerMapping - Mapped "{[/product/listMall]}" onto public java.lang.String com.enter.controller.ProductController.listMall(org.springframework.ui.Model) 
11:03:02.221 [restartedMain] INFO  o.s.w.s.m.m.a.RequestMappingHandlerMapping - Mapped "{[/user/service/view/id/{id}],methods=[GET]}" onto public java.lang.String com.enter.controller.SaleServiceController.getSaleServiceById(java.lang.Long,org.springframework.ui.Model) 
11:03:02.221 [restartedMain] INFO  o.s.w.s.m.m.a.RequestMappingHandlerMapping - Mapped "{[/user/service/view],methods=[GET]}" onto public java.lang.String com.enter.controller.SaleServiceController.findSaleServiceByUser(org.springframework.ui.Model) 
11:03:02.221 [restartedMain] INFO  o.s.w.s.m.m.a.RequestMappingHandlerMapping - Mapped "{[/user/service/view/orderId/{orderId}],methods=[GET]}" onto public java.lang.String com.enter.controller.SaleServiceController.findSaleServiceByOrderId(java.lang.Long,org.springframework.ui.Model) 
11:03:02.222 [restartedMain] INFO  o.s.w.s.m.m.a.RequestMappingHandlerMapping - Mapped "{[/user/service/apply/{orderNum}],methods=[GET]}" onto public java.lang.String com.enter.controller.SaleServiceController.applyForSaleService(java.lang.String,org.springframework.ui.Model) 
11:03:02.222 [restartedMain] INFO  o.s.w.s.m.m.a.RequestMappingHandlerMapping - Mapped "{[/user/service/view/status/{state1}/{state2}],methods=[GET]}" onto public java.lang.String com.enter.controller.SaleServiceController.findSaleServiceByUserAndState(org.springframework.ui.Model,java.lang.String,java.lang.String) 
11:03:02.222 [restartedMain] INFO  o.s.w.s.m.m.a.RequestMappingHandlerMapping - Mapped "{[/user/service/cancer],methods=[PUT]}" onto public java.lang.Object com.enter.controller.SaleServiceController.cancerSaleService(java.lang.Long) 
11:03:02.222 [restartedMain] INFO  o.s.w.s.m.m.a.RequestMappingHandlerMapping - Mapped "{[/user/service/tip/success],methods=[GET]}" onto public java.lang.String com.enter.controller.SaleServiceController.applySuccess() 
11:03:02.222 [restartedMain] INFO  o.s.w.s.m.m.a.RequestMappingHandlerMapping - Mapped "{[/user/service/add],methods=[POST]}" onto public java.lang.Object com.enter.controller.SaleServiceController.addSaleService(com.enter.entity.SaleService) 
11:03:02.223 [restartedMain] INFO  o.s.w.s.m.m.a.RequestMappingHandlerMapping - Mapped "{[/]}" onto public java.lang.String com.enter.controller.StaticController.index(org.springframework.ui.Model) 
11:03:02.223 [restartedMain] INFO  o.s.w.s.m.m.a.RequestMappingHandlerMapping - Mapped "{[/media]}" onto public java.lang.String com.enter.controller.StaticController.media() 
11:03:02.223 [restartedMain] INFO  o.s.w.s.m.m.a.RequestMappingHandlerMapping - Mapped "{[/login]}" onto public java.lang.String com.enter.controller.StaticController.login() 
11:03:02.224 [restartedMain] INFO  o.s.w.s.m.m.a.RequestMappingHandlerMapping - Mapped "{[/about]}" onto public java.lang.String com.enter.controller.StaticController.about() 
11:03:02.224 [restartedMain] INFO  o.s.w.s.m.m.a.RequestMappingHandlerMapping - Mapped "{[/deliveryInfo]}" onto public java.lang.String com.enter.controller.StaticController.deliveryInfo() 
11:03:02.227 [restartedMain] INFO  o.s.w.s.m.m.a.RequestMappingHandlerMapping - Mapped "{[/discount]}" onto public java.lang.String com.enter.controller.StaticController.discount() 
11:03:02.227 [restartedMain] INFO  o.s.w.s.m.m.a.RequestMappingHandlerMapping - Mapped "{[/music]}" onto public java.lang.String com.enter.controller.StaticController.music() 
11:03:02.227 [restartedMain] INFO  o.s.w.s.m.m.a.RequestMappingHandlerMapping - Mapped "{[/activity]}" onto public java.lang.String com.enter.controller.StaticController.activity() 
11:03:02.227 [restartedMain] INFO  o.s.w.s.m.m.a.RequestMappingHandlerMapping - Mapped "{[/songs]}" onto public java.lang.String com.enter.controller.StaticController.songs() 
11:03:02.227 [restartedMain] INFO  o.s.w.s.m.m.a.RequestMappingHandlerMapping - Mapped "{[/contact]}" onto public java.lang.String com.enter.controller.StaticController.contact() 
11:03:02.227 [restartedMain] INFO  o.s.w.s.m.m.a.RequestMappingHandlerMapping - Mapped "{[/news]}" onto public java.lang.String com.enter.controller.StaticController.news() 
11:03:02.229 [restartedMain] INFO  o.s.w.s.m.m.a.RequestMappingHandlerMapping - Mapped "{[/user/trolley/delete/bacth/ids/{trolleyIds}],methods=[DELETE]}" onto public java.lang.Object com.enter.controller.TrolleyController.bacthDeleteFromTrolley(java.lang.String) 
11:03:02.229 [restartedMain] INFO  o.s.w.s.m.m.a.RequestMappingHandlerMapping - Mapped "{[/user/trolley/totalCount],methods=[GET]}" onto public java.lang.Object com.enter.controller.TrolleyController.productCountFromTrolley() 
11:03:02.229 [restartedMain] INFO  o.s.w.s.m.m.a.RequestMappingHandlerMapping - Mapped "{[/user/trolley/delete/id/{trolleyId}],methods=[DELETE]}" onto public java.lang.Object com.enter.controller.TrolleyController.deleteFromTrolley(java.lang.Long) 
11:03:02.230 [restartedMain] INFO  o.s.w.s.m.m.a.RequestMappingHandlerMapping - Mapped "{[/user/trolley/add],methods=[POST]}" onto public java.lang.Object com.enter.controller.TrolleyController.addToTrolley(java.lang.Long,java.lang.Integer,java.lang.String) 
11:03:02.230 [restartedMain] INFO  o.s.w.s.m.m.a.RequestMappingHandlerMapping - Mapped "{[/user/trolley/ajax/view],methods=[GET]}" onto public java.lang.Object com.enter.controller.TrolleyController.ajaxToMyTrolley() 
11:03:02.230 [restartedMain] INFO  o.s.w.s.m.m.a.RequestMappingHandlerMapping - Mapped "{[/user/trolley/view],methods=[GET]}" onto public java.lang.String com.enter.controller.TrolleyController.listMyTrolley(org.springframework.ui.Model) 
11:03:02.232 [restartedMain] INFO  o.s.w.s.m.m.a.RequestMappingHandlerMapping - Mapped "{[/user/modify/email],methods=[PUT]}" onto public java.lang.Object com.enter.controller.UserController.modifyEmail(java.lang.String,java.lang.String) 
11:03:02.233 [restartedMain] INFO  o.s.w.s.m.m.a.RequestMappingHandlerMapping - Mapped "{[/user/overView],methods=[GET]}" onto public java.lang.String com.enter.controller.UserController.accountInfo(org.springframework.ui.Model) 
11:03:02.233 [restartedMain] INFO  o.s.w.s.m.m.a.RequestMappingHandlerMapping - Mapped "{[/user/modifyPwd],methods=[PUT]}" onto public java.lang.Object com.enter.controller.UserController.modifyPwd(java.lang.String,java.lang.String) 
11:03:02.234 [restartedMain] INFO  o.s.w.s.m.m.a.RequestMappingHandlerMapping - Mapped "{[/user/modify/userName],methods=[PUT]}" onto public java.lang.Object com.enter.controller.UserController.editUserName(java.lang.String) 
11:03:02.234 [restartedMain] INFO  o.s.w.s.m.m.a.RequestMappingHandlerMapping - Mapped "{[/user/tel/modify/],methods=[PUT]}" onto public java.lang.Object com.enter.controller.UserController.modifyTel(java.lang.String,java.lang.String) 
11:03:02.237 [restartedMain] INFO  o.s.w.s.m.m.a.RequestMappingHandlerMapping - Mapped "{[/error]}" onto public org.springframework.http.ResponseEntity<java.util.Map<java.lang.String, java.lang.Object>> org.springframework.boot.autoconfigure.web.BasicErrorController.error(javax.servlet.http.HttpServletRequest) 
11:03:02.237 [restartedMain] INFO  o.s.w.s.m.m.a.RequestMappingHandlerMapping - Mapped "{[/error],produces=[text/html]}" onto public org.springframework.web.servlet.ModelAndView org.springframework.boot.autoconfigure.web.BasicErrorController.errorHtml(javax.servlet.http.HttpServletRequest,javax.servlet.http.HttpServletResponse) 
11:03:02.430 [restartedMain] INFO  o.s.w.s.h.SimpleUrlHandlerMapping - Mapped URL path [/webjars/**] onto handler of type [class org.springframework.web.servlet.resource.ResourceHttpRequestHandler] 
11:03:02.430 [restartedMain] INFO  o.s.w.s.h.SimpleUrlHandlerMapping - Mapped URL path [/**] onto handler of type [class org.springframework.web.servlet.resource.ResourceHttpRequestHandler] 
11:03:02.478 [restartedMain] INFO  o.s.w.s.m.m.a.ExceptionHandlerExceptionResolver - Detected @ExceptionHandler methods in globalExceptionHandler 
11:03:02.561 [restartedMain] INFO  o.s.w.s.h.SimpleUrlHandlerMapping - Mapped URL path [/**/favicon.ico] onto handler of type [class org.springframework.web.servlet.resource.ResourceHttpRequestHandler] 
11:03:04.126 [restartedMain] INFO  o.s.b.d.a.OptionalLiveReloadServer - LiveReload server is running on port 35729 
11:03:04.249 [restartedMain] INFO  o.s.j.e.a.AnnotationMBeanExporter - Registering beans for JMX exposure on startup 
11:03:04.304 [restartedMain] INFO  o.s.b.c.e.t.TomcatEmbeddedServletContainer - Tomcat started on port(s): 8080 (http) 
11:03:04.309 [restartedMain] INFO  com.enter.ShoppingApplication - Started ShoppingApplication in 13.406 seconds (JVM running for 15.555) 
11:03:12.398 [http-nio-8080-exec-1] INFO  o.a.c.c.C.[Tomcat].[localhost].[/] - Initializing Spring FrameworkServlet 'dispatcherServlet' 
11:03:12.399 [http-nio-8080-exec-1] INFO  o.s.web.servlet.DispatcherServlet - FrameworkServlet 'dispatcherServlet': initialization started 
11:03:12.458 [http-nio-8080-exec-1] INFO  o.s.web.servlet.DispatcherServlet - FrameworkServlet 'dispatcherServlet': initialization completed in 59 ms 
11:03:13.748 [http-nio-8080-exec-10] WARN  o.s.w.s.m.m.a.ExceptionHandlerExceptionResolver - Resolved exception caused by Handler execution: com.enter.exception.ShoppingException: 未登陆 
11:03:17.324 [http-nio-8080-exec-8] WARN  o.s.w.s.m.m.a.ExceptionHandlerExceptionResolver - Resolved exception caused by Handler execution: com.enter.exception.PageException: 未登陆 
11:03:19.507 [http-nio-8080-exec-4] INFO  com.enter.util.CheckUserLogin - login------------------------------------------------90564CC63F32234A2715307572E41BB2 
11:17:55.907 [Thread-33] INFO  o.s.b.c.e.AnnotationConfigEmbeddedWebApplicationContext - Closing org.springframework.boot.context.embedded.AnnotationConfigEmbeddedWebApplicationContext@2fa09463: startup date [Mon Dec 04 11:02:51 CST 2017]; root of context hierarchy 
11:17:55.912 [Thread-33] INFO  o.s.j.e.a.AnnotationMBeanExporter - Unregistering JMX-exposed beans on shutdown 
11:17:55.917 [Thread-33] INFO  o.s.o.j.LocalContainerEntityManagerFactoryBean - Closing JPA EntityManagerFactory for persistence unit 'default' 
11:17:56.577 [restartedMain] INFO  com.enter.ShoppingApplication - Starting ShoppingApplication on PC-20170313TDVT with PID 17124 (F:\idea\shopping\target\classes started by Administrator in F:\idea\shopping) 
11:17:56.577 [restartedMain] INFO  com.enter.ShoppingApplication - No active profile set, falling back to default profiles: default 
11:17:56.580 [restartedMain] INFO  o.s.b.c.e.AnnotationConfigEmbeddedWebApplicationContext - Refreshing org.springframework.boot.context.embedded.AnnotationConfigEmbeddedWebApplicationContext@5443f126: startup date [Mon Dec 04 11:17:56 CST 2017]; root of context hierarchy 
11:17:57.664 [restartedMain] INFO  o.s.b.c.e.t.TomcatEmbeddedServletContainer - Tomcat initialized with port(s): 8080 (http) 
11:17:57.665 [restartedMain] INFO  o.a.catalina.core.StandardService - Starting service [Tomcat] 
11:17:57.666 [restartedMain] INFO  o.a.catalina.core.StandardEngine - Starting Servlet Engine: Apache Tomcat/8.5.20 
11:17:57.714 [localhost-startStop-1] INFO  o.a.c.c.C.[Tomcat].[localhost].[/] - Initializing Spring embedded WebApplicationContext 
11:17:57.715 [localhost-startStop-1] INFO  o.s.web.context.ContextLoader - Root WebApplicationContext: initialization completed in 1135 ms 
11:17:58.082 [localhost-startStop-1] INFO  o.s.b.w.s.ServletRegistrationBean - Mapping servlet: 'dispatcherServlet' to [/] 
11:17:58.082 [localhost-startStop-1] INFO  o.s.b.w.s.FilterRegistrationBean - Mapping filter: 'characterEncodingFilter' to: [/*] 
11:17:58.082 [localhost-startStop-1] INFO  o.s.b.w.s.FilterRegistrationBean - Mapping filter: 'hiddenHttpMethodFilter' to: [/*] 
11:17:58.082 [localhost-startStop-1] INFO  o.s.b.w.s.FilterRegistrationBean - Mapping filter: 'httpPutFormContentFilter' to: [/*] 
11:17:58.082 [localhost-startStop-1] INFO  o.s.b.w.s.FilterRegistrationBean - Mapping filter: 'requestContextFilter' to: [/*] 
11:17:58.677 [restartedMain] INFO  o.s.o.j.LocalContainerEntityManagerFactoryBean - Building JPA container EntityManagerFactory for persistence unit 'default' 
11:17:58.678 [restartedMain] INFO  o.h.jpa.internal.util.LogHelper - HHH000204: Processing PersistenceUnitInfo [
	name: default
	...] 
11:17:58.725 [restartedMain] INFO  org.hibernate.dialect.Dialect - HHH000400: Using dialect: org.hibernate.dialect.MySQL5Dialect 
11:17:58.857 [restartedMain] INFO  o.h.tool.hbm2ddl.SchemaUpdate - HHH000228: Running hbm2ddl schema update 
11:17:59.259 [restartedMain] INFO  o.s.o.j.LocalContainerEntityManagerFactoryBean - Initialized JPA EntityManagerFactory for persistence unit 'default' 
11:17:59.725 [restartedMain] INFO  o.h.h.i.QueryTranslatorFactoryInitiator - HHH000397: Using ASTQueryTranslatorFactory 
11:18:01.549 [restartedMain] INFO  o.s.w.s.m.m.a.RequestMappingHandlerAdapter - Looking for @ControllerAdvice: org.springframework.boot.context.embedded.AnnotationConfigEmbeddedWebApplicationContext@5443f126: startup date [Mon Dec 04 11:17:56 CST 2017]; root of context hierarchy 
11:18:01.700 [restartedMain] INFO  o.s.w.s.m.m.a.RequestMappingHandlerMapping - Mapped "{[/user/register],methods=[POST]}" onto public java.lang.Object com.enter.controller.AccountController.register(com.enter.entity.User) 
11:18:01.701 [restartedMain] INFO  o.s.w.s.m.m.a.RequestMappingHandlerMapping - Mapped "{[/user/changePwd],methods=[POST]}" onto public java.lang.Object com.enter.controller.AccountController.changePwd(com.enter.entity.User) 
11:18:01.702 [restartedMain] INFO  o.s.w.s.m.m.a.RequestMappingHandlerMapping - Mapped "{[/user/logout],methods=[GET]}" onto public java.lang.String com.enter.controller.AccountController.logout() 
11:18:01.702 [restartedMain] INFO  o.s.w.s.m.m.a.RequestMappingHandlerMapping - Mapped "{[/user/validCode/email],methods=[GET]}" onto public java.lang.Object com.enter.controller.AccountController.sendValidCode(java.lang.String,java.lang.String) 
11:18:01.703 [restartedMain] INFO  o.s.w.s.m.m.a.RequestMappingHandlerMapping - Mapped "{[/user/login],methods=[POST]}" onto public java.lang.Object com.enter.controller.AccountController.login(java.lang.String,java.lang.String) 
11:18:01.703 [restartedMain] INFO  o.s.w.s.m.m.a.RequestMappingHandlerMapping - Mapped "{[/user/validCode/message/{tel}],methods=[GET]}" onto public java.lang.Object com.enter.controller.AccountController.sendDxCode(java.lang.String) 
11:18:01.703 [restartedMain] INFO  o.s.w.s.m.m.a.RequestMappingHandlerMapping - Mapped "{[/user/checkValidCode],methods=[GET]}" onto public java.lang.Object com.enter.controller.AccountController.checkValidCode(java.lang.String,java.lang.String,java.lang.String) 
11:18:01.704 [restartedMain] INFO  o.s.w.s.m.m.a.RequestMappingHandlerMapping - Mapped "{[/user/address/temporaryAddress/set/id/{addressId}],methods=[GET]}" onto public java.lang.Object com.enter.controller.AddressController.setTemporaryAddress(java.lang.Long) 
11:18:01.705 [restartedMain] INFO  o.s.w.s.m.m.a.RequestMappingHandlerMapping - Mapped "{[/user/address/defaultAddress/modify/id/{addressId}],methods=[PUT]}" onto public java.lang.Object com.enter.controller.AddressController.setDefaultAddress(java.lang.Long,javax.servlet.http.HttpServletRequest) 
11:18:01.705 [restartedMain] INFO  o.s.w.s.m.m.a.RequestMappingHandlerMapping - Mapped "{[/user/address/delete/id/{addressId}],methods=[DELETE]}" onto public java.lang.Object com.enter.controller.AddressController.delAddress(java.lang.Long) 
11:18:01.706 [restartedMain] INFO  o.s.w.s.m.m.a.RequestMappingHandlerMapping - Mapped "{[/user/address/deliveryId/{deliveryId}],methods=[GET]}" onto public java.lang.String com.enter.controller.AddressController.getDeliveryInfo(java.lang.String,org.springframework.ui.Model) 
11:18:01.706 [restartedMain] INFO  o.s.w.s.m.m.a.RequestMappingHandlerMapping - Mapped "{[/user/address/view/id/{addressId}],methods=[GET]}" onto public java.lang.Object com.enter.controller.AddressController.findAddressById(java.lang.Long) 
11:18:01.706 [restartedMain] INFO  o.s.w.s.m.m.a.RequestMappingHandlerMapping - Mapped "{[/user/address/view],methods=[GET]}" onto public java.lang.Object com.enter.controller.AddressController.listMyAddress(org.springframework.ui.Model) 
11:18:01.707 [restartedMain] INFO  o.s.w.s.m.m.a.RequestMappingHandlerMapping - Mapped "{[/user/address/modify],methods=[PUT]}" onto public java.lang.Object com.enter.controller.AddressController.editAddress(com.enter.entity.Address,javax.servlet.http.HttpServletRequest) 
11:18:01.707 [restartedMain] INFO  o.s.w.s.m.m.a.RequestMappingHandlerMapping - Mapped "{[/user/address/add],methods=[POST]}" onto public java.lang.Object com.enter.controller.AddressController.addAddress(com.enter.entity.Address) 
11:18:01.707 [restartedMain] INFO  o.s.w.s.m.m.a.RequestMappingHandlerMapping - Mapped "{[/news/listNews]}" onto public java.lang.String com.enter.controller.NewsController.listNews(org.springframework.ui.Model) 
11:18:01.710 [restartedMain] INFO  o.s.w.s.m.m.a.RequestMappingHandlerMapping - Mapped "{[/user/orders/generate/three],methods=[POST]}" onto public java.lang.Object com.enter.controller.OrderController.generatedTotalOrder(java.lang.String,java.lang.Long) 
11:18:01.711 [restartedMain] INFO  o.s.w.s.m.m.a.RequestMappingHandlerMapping - Mapped "{[/user/orders/status/{orderState}],methods=[GET]}" onto public java.lang.String com.enter.controller.OrderController.listMyOrderByStatus(org.springframework.ui.Model,java.lang.String) 
11:18:01.711 [restartedMain] INFO  o.s.w.s.m.m.a.RequestMappingHandlerMapping - Mapped "{[/user/orders/cancer/{orderNum}],methods=[PUT]}" onto public java.lang.Object com.enter.controller.OrderController.cancerOrders(java.lang.String) 
11:18:01.711 [restartedMain] INFO  o.s.w.s.m.m.a.RequestMappingHandlerMapping - Mapped "{[/user/orders/nowBuy],methods=[POST]}" onto public java.lang.Object com.enter.controller.OrderController.nowBuy(java.lang.Long,java.lang.Integer,java.lang.String,java.lang.String) 
11:18:01.711 [restartedMain] INFO  o.s.w.s.m.m.a.RequestMappingHandlerMapping - Mapped "{[/user/orders/view/orderNo/{orderNum}],methods=[GET]}" onto public java.lang.String com.enter.controller.OrderController.findOrderById(java.lang.Long,org.springframework.ui.Model) 
11:18:01.712 [restartedMain] INFO  o.s.w.s.m.m.a.RequestMappingHandlerMapping - Mapped "{[/user/orders/onlinePay/view/{orderNum}],methods=[GET]}" onto public java.lang.String com.enter.controller.OrderController.onlinePay(java.lang.String,org.springframework.ui.Model) 
11:18:01.712 [restartedMain] INFO  o.s.w.s.m.m.a.RequestMappingHandlerMapping - Mapped "{[/user/orders/generate/two/trolleyIds/{trolleyIds}],methods=[GET]}" onto public java.lang.String com.enter.controller.OrderController.generatedOrder(java.lang.String,org.springframework.ui.Model) 
11:18:01.712 [restartedMain] INFO  o.s.w.s.m.m.a.RequestMappingHandlerMapping - Mapped "{[/user/orders/view],methods=[GET]}" onto public java.lang.String com.enter.controller.OrderController.listMyOrder(org.springframework.ui.Model) 
11:18:01.712 [restartedMain] INFO  o.s.w.s.m.m.a.RequestMappingHandlerMapping - Mapped "{[/user/orders/generate/one],methods=[POST]}" onto public java.lang.Object com.enter.controller.OrderController.addALLToOrder(java.lang.String) 
11:18:01.713 [restartedMain] INFO  o.s.w.s.m.m.a.RequestMappingHandlerMapping - Mapped "{[/product/findProductById]}" onto public java.lang.String com.enter.controller.ProductController.findProductById(org.springframework.ui.Model,java.lang.Long) 
11:18:01.713 [restartedMain] INFO  o.s.w.s.m.m.a.RequestMappingHandlerMapping - Mapped "{[/product/listMall]}" onto public java.lang.String com.enter.controller.ProductController.listMall(org.springframework.ui.Model) 
11:18:01.714 [restartedMain] INFO  o.s.w.s.m.m.a.RequestMappingHandlerMapping - Mapped "{[/user/service/view/id/{id}],methods=[GET]}" onto public java.lang.String com.enter.controller.SaleServiceController.getSaleServiceById(java.lang.Long,org.springframework.ui.Model) 
11:18:01.716 [restartedMain] INFO  o.s.w.s.m.m.a.RequestMappingHandlerMapping - Mapped "{[/user/service/view],methods=[GET]}" onto public java.lang.String com.enter.controller.SaleServiceController.findSaleServiceByUser(org.springframework.ui.Model) 
11:18:01.716 [restartedMain] INFO  o.s.w.s.m.m.a.RequestMappingHandlerMapping - Mapped "{[/user/service/view/orderId/{orderId}],methods=[GET]}" onto public java.lang.String com.enter.controller.SaleServiceController.findSaleServiceByOrderId(java.lang.Long,org.springframework.ui.Model) 
11:18:01.716 [restartedMain] INFO  o.s.w.s.m.m.a.RequestMappingHandlerMapping - Mapped "{[/user/service/apply/{orderNum}],methods=[GET]}" onto public java.lang.String com.enter.controller.SaleServiceController.applyForSaleService(java.lang.String,org.springframework.ui.Model) 
11:18:01.716 [restartedMain] INFO  o.s.w.s.m.m.a.RequestMappingHandlerMapping - Mapped "{[/user/service/view/status/{state1}/{state2}],methods=[GET]}" onto public java.lang.String com.enter.controller.SaleServiceController.findSaleServiceByUserAndState(org.springframework.ui.Model,java.lang.String,java.lang.String) 
11:18:01.716 [restartedMain] INFO  o.s.w.s.m.m.a.RequestMappingHandlerMapping - Mapped "{[/user/service/cancer],methods=[PUT]}" onto public java.lang.Object com.enter.controller.SaleServiceController.cancerSaleService(java.lang.Long) 
11:18:01.716 [restartedMain] INFO  o.s.w.s.m.m.a.RequestMappingHandlerMapping - Mapped "{[/user/service/tip/success],methods=[GET]}" onto public java.lang.String com.enter.controller.SaleServiceController.applySuccess() 
11:18:01.716 [restartedMain] INFO  o.s.w.s.m.m.a.RequestMappingHandlerMapping - Mapped "{[/user/service/add],methods=[POST]}" onto public java.lang.Object com.enter.controller.SaleServiceController.addSaleService(com.enter.entity.SaleService) 
11:18:01.717 [restartedMain] INFO  o.s.w.s.m.m.a.RequestMappingHandlerMapping - Mapped "{[/]}" onto public java.lang.String com.enter.controller.StaticController.index(org.springframework.ui.Model) 
11:18:01.717 [restartedMain] INFO  o.s.w.s.m.m.a.RequestMappingHandlerMapping - Mapped "{[/media]}" onto public java.lang.String com.enter.controller.StaticController.media() 
11:18:01.717 [restartedMain] INFO  o.s.w.s.m.m.a.RequestMappingHandlerMapping - Mapped "{[/login]}" onto public java.lang.String com.enter.controller.StaticController.login() 
11:18:01.717 [restartedMain] INFO  o.s.w.s.m.m.a.RequestMappingHandlerMapping - Mapped "{[/about]}" onto public java.lang.String com.enter.controller.StaticController.about() 
11:18:01.717 [restartedMain] INFO  o.s.w.s.m.m.a.RequestMappingHandlerMapping - Mapped "{[/deliveryInfo]}" onto public java.lang.String com.enter.controller.StaticController.deliveryInfo() 
11:18:01.717 [restartedMain] INFO  o.s.w.s.m.m.a.RequestMappingHandlerMapping - Mapped "{[/discount]}" onto public java.lang.String com.enter.controller.StaticController.discount() 
11:18:01.718 [restartedMain] INFO  o.s.w.s.m.m.a.RequestMappingHandlerMapping - Mapped "{[/music]}" onto public java.lang.String com.enter.controller.StaticController.music() 
11:18:01.718 [restartedMain] INFO  o.s.w.s.m.m.a.RequestMappingHandlerMapping - Mapped "{[/activity]}" onto public java.lang.String com.enter.controller.StaticController.activity() 
11:18:01.718 [restartedMain] INFO  o.s.w.s.m.m.a.RequestMappingHandlerMapping - Mapped "{[/songs]}" onto public java.lang.String com.enter.controller.StaticController.songs() 
11:18:01.719 [restartedMain] INFO  o.s.w.s.m.m.a.RequestMappingHandlerMapping - Mapped "{[/contact]}" onto public java.lang.String com.enter.controller.StaticController.contact() 
11:18:01.719 [restartedMain] INFO  o.s.w.s.m.m.a.RequestMappingHandlerMapping - Mapped "{[/news]}" onto public java.lang.String com.enter.controller.StaticController.news() 
11:18:01.719 [restartedMain] INFO  o.s.w.s.m.m.a.RequestMappingHandlerMapping - Mapped "{[/user/trolley/delete/bacth/ids/{trolleyIds}],methods=[DELETE]}" onto public java.lang.Object com.enter.controller.TrolleyController.bacthDeleteFromTrolley(java.lang.String) 
11:18:01.720 [restartedMain] INFO  o.s.w.s.m.m.a.RequestMappingHandlerMapping - Mapped "{[/user/trolley/totalCount],methods=[GET]}" onto public java.lang.Object com.enter.controller.TrolleyController.productCountFromTrolley() 
11:18:01.720 [restartedMain] INFO  o.s.w.s.m.m.a.RequestMappingHandlerMapping - Mapped "{[/user/trolley/delete/id/{trolleyId}],methods=[DELETE]}" onto public java.lang.Object com.enter.controller.TrolleyController.deleteFromTrolley(java.lang.Long) 
11:18:01.720 [restartedMain] INFO  o.s.w.s.m.m.a.RequestMappingHandlerMapping - Mapped "{[/user/trolley/add],methods=[POST]}" onto public java.lang.Object com.enter.controller.TrolleyController.addToTrolley(java.lang.Long,java.lang.Integer,java.lang.String,java.lang.String) 
11:18:01.720 [restartedMain] INFO  o.s.w.s.m.m.a.RequestMappingHandlerMapping - Mapped "{[/user/trolley/ajax/view],methods=[GET]}" onto public java.lang.Object com.enter.controller.TrolleyController.ajaxToMyTrolley() 
11:18:01.720 [restartedMain] INFO  o.s.w.s.m.m.a.RequestMappingHandlerMapping - Mapped "{[/user/trolley/view],methods=[GET]}" onto public java.lang.String com.enter.controller.TrolleyController.listMyTrolley(org.springframework.ui.Model) 
11:18:01.724 [restartedMain] INFO  o.s.w.s.m.m.a.RequestMappingHandlerMapping - Mapped "{[/user/modify/email],methods=[PUT]}" onto public java.lang.Object com.enter.controller.UserController.modifyEmail(java.lang.String,java.lang.String) 
11:18:01.724 [restartedMain] INFO  o.s.w.s.m.m.a.RequestMappingHandlerMapping - Mapped "{[/user/overView],methods=[GET]}" onto public java.lang.String com.enter.controller.UserController.accountInfo(org.springframework.ui.Model) 
11:18:01.724 [restartedMain] INFO  o.s.w.s.m.m.a.RequestMappingHandlerMapping - Mapped "{[/user/modifyPwd],methods=[PUT]}" onto public java.lang.Object com.enter.controller.UserController.modifyPwd(java.lang.String,java.lang.String) 
11:18:01.724 [restartedMain] INFO  o.s.w.s.m.m.a.RequestMappingHandlerMapping - Mapped "{[/user/modify/userName],methods=[PUT]}" onto public java.lang.Object com.enter.controller.UserController.editUserName(java.lang.String) 
11:18:01.724 [restartedMain] INFO  o.s.w.s.m.m.a.RequestMappingHandlerMapping - Mapped "{[/user/tel/modify/],methods=[PUT]}" onto public java.lang.Object com.enter.controller.UserController.modifyTel(java.lang.String,java.lang.String) 
11:18:01.725 [restartedMain] INFO  o.s.w.s.m.m.a.RequestMappingHandlerMapping - Mapped "{[/error]}" onto public org.springframework.http.ResponseEntity<java.util.Map<java.lang.String, java.lang.Object>> org.springframework.boot.autoconfigure.web.BasicErrorController.error(javax.servlet.http.HttpServletRequest) 
11:18:01.726 [restartedMain] INFO  o.s.w.s.m.m.a.RequestMappingHandlerMapping - Mapped "{[/error],produces=[text/html]}" onto public org.springframework.web.servlet.ModelAndView org.springframework.boot.autoconfigure.web.BasicErrorController.errorHtml(javax.servlet.http.HttpServletRequest,javax.servlet.http.HttpServletResponse) 
11:18:01.897 [restartedMain] INFO  o.s.w.s.h.SimpleUrlHandlerMapping - Mapped URL path [/webjars/**] onto handler of type [class org.springframework.web.servlet.resource.ResourceHttpRequestHandler] 
11:18:01.897 [restartedMain] INFO  o.s.w.s.h.SimpleUrlHandlerMapping - Mapped URL path [/**] onto handler of type [class org.springframework.web.servlet.resource.ResourceHttpRequestHandler] 
11:18:01.918 [restartedMain] INFO  o.s.w.s.m.m.a.ExceptionHandlerExceptionResolver - Detected @ExceptionHandler methods in globalExceptionHandler 
11:18:01.977 [restartedMain] INFO  o.s.w.s.h.SimpleUrlHandlerMapping - Mapped URL path [/**/favicon.ico] onto handler of type [class org.springframework.web.servlet.resource.ResourceHttpRequestHandler] 
11:18:03.079 [restartedMain] INFO  o.s.b.d.a.OptionalLiveReloadServer - LiveReload server is running on port 35729 
11:18:03.265 [restartedMain] INFO  o.s.j.e.a.AnnotationMBeanExporter - Registering beans for JMX exposure on startup 
11:18:03.277 [restartedMain] INFO  o.s.b.c.e.t.TomcatEmbeddedServletContainer - Tomcat started on port(s): 8080 (http) 
11:18:03.279 [restartedMain] INFO  com.enter.ShoppingApplication - Started ShoppingApplication in 6.789 seconds (JVM running for 914.525) 
11:18:46.123 [http-nio-8080-exec-1] INFO  o.a.c.c.C.[Tomcat].[localhost].[/] - Initializing Spring FrameworkServlet 'dispatcherServlet' 
11:18:46.124 [http-nio-8080-exec-1] INFO  o.s.web.servlet.DispatcherServlet - FrameworkServlet 'dispatcherServlet': initialization started 
11:18:46.162 [http-nio-8080-exec-1] INFO  o.s.web.servlet.DispatcherServlet - FrameworkServlet 'dispatcherServlet': initialization completed in 38 ms 
11:18:46.169 [http-nio-8080-exec-1] WARN  o.s.w.s.m.m.a.ExceptionHandlerExceptionResolver - Resolved exception caused by Handler execution: com.enter.exception.PageException: 未登陆 
11:18:47.441 [http-nio-8080-exec-1] INFO  com.enter.util.CheckUserLogin - login------------------------------------------------90564CC63F32234A2715307572E41BB2 
11:21:56.835 [Thread-42] INFO  o.s.b.c.e.AnnotationConfigEmbeddedWebApplicationContext - Closing org.springframework.boot.context.embedded.AnnotationConfigEmbeddedWebApplicationContext@5443f126: startup date [Mon Dec 04 11:17:56 CST 2017]; root of context hierarchy 
11:21:56.841 [Thread-42] INFO  o.s.j.e.a.AnnotationMBeanExporter - Unregistering JMX-exposed beans on shutdown 
11:21:56.844 [Thread-42] INFO  o.s.o.j.LocalContainerEntityManagerFactoryBean - Closing JPA EntityManagerFactory for persistence unit 'default' 
11:21:57.512 [restartedMain] INFO  com.enter.ShoppingApplication - Starting ShoppingApplication on PC-20170313TDVT with PID 17124 (F:\idea\shopping\target\classes started by Administrator in F:\idea\shopping) 
11:21:57.512 [restartedMain] INFO  com.enter.ShoppingApplication - No active profile set, falling back to default profiles: default 
11:21:57.517 [restartedMain] INFO  o.s.b.c.e.AnnotationConfigEmbeddedWebApplicationContext - Refreshing org.springframework.boot.context.embedded.AnnotationConfigEmbeddedWebApplicationContext@3d5122a2: startup date [Mon Dec 04 11:21:57 CST 2017]; root of context hierarchy 
11:21:58.494 [restartedMain] INFO  o.s.b.c.e.t.TomcatEmbeddedServletContainer - Tomcat initialized with port(s): 8080 (http) 
11:21:58.495 [restartedMain] INFO  o.a.catalina.core.StandardService - Starting service [Tomcat] 
11:21:58.495 [restartedMain] INFO  o.a.catalina.core.StandardEngine - Starting Servlet Engine: Apache Tomcat/8.5.20 
11:21:58.530 [localhost-startStop-1] INFO  o.a.c.c.C.[Tomcat].[localhost].[/] - Initializing Spring embedded WebApplicationContext 
11:21:58.531 [localhost-startStop-1] INFO  o.s.web.context.ContextLoader - Root WebApplicationContext: initialization completed in 1014 ms 
11:21:58.850 [localhost-startStop-1] INFO  o.s.b.w.s.ServletRegistrationBean - Mapping servlet: 'dispatcherServlet' to [/] 
11:21:58.851 [localhost-startStop-1] INFO  o.s.b.w.s.FilterRegistrationBean - Mapping filter: 'characterEncodingFilter' to: [/*] 
11:21:58.851 [localhost-startStop-1] INFO  o.s.b.w.s.FilterRegistrationBean - Mapping filter: 'hiddenHttpMethodFilter' to: [/*] 
11:21:58.851 [localhost-startStop-1] INFO  o.s.b.w.s.FilterRegistrationBean - Mapping filter: 'httpPutFormContentFilter' to: [/*] 
11:21:58.851 [localhost-startStop-1] INFO  o.s.b.w.s.FilterRegistrationBean - Mapping filter: 'requestContextFilter' to: [/*] 
11:21:59.322 [restartedMain] INFO  o.s.o.j.LocalContainerEntityManagerFactoryBean - Building JPA container EntityManagerFactory for persistence unit 'default' 
11:21:59.322 [restartedMain] INFO  o.h.jpa.internal.util.LogHelper - HHH000204: Processing PersistenceUnitInfo [
	name: default
	...] 
11:21:59.356 [restartedMain] INFO  org.hibernate.dialect.Dialect - HHH000400: Using dialect: org.hibernate.dialect.MySQL5Dialect 
11:21:59.444 [restartedMain] INFO  o.h.tool.hbm2ddl.SchemaUpdate - HHH000228: Running hbm2ddl schema update 
11:21:59.857 [restartedMain] INFO  o.s.o.j.LocalContainerEntityManagerFactoryBean - Initialized JPA EntityManagerFactory for persistence unit 'default' 
11:22:00.235 [restartedMain] INFO  o.h.h.i.QueryTranslatorFactoryInitiator - HHH000397: Using ASTQueryTranslatorFactory 
11:22:02.071 [restartedMain] INFO  o.s.w.s.m.m.a.RequestMappingHandlerAdapter - Looking for @ControllerAdvice: org.springframework.boot.context.embedded.AnnotationConfigEmbeddedWebApplicationContext@3d5122a2: startup date [Mon Dec 04 11:21:57 CST 2017]; root of context hierarchy 
11:22:02.223 [restartedMain] INFO  o.s.w.s.m.m.a.RequestMappingHandlerMapping - Mapped "{[/user/register],methods=[POST]}" onto public java.lang.Object com.enter.controller.AccountController.register(com.enter.entity.User) 
11:22:02.224 [restartedMain] INFO  o.s.w.s.m.m.a.RequestMappingHandlerMapping - Mapped "{[/user/changePwd],methods=[POST]}" onto public java.lang.Object com.enter.controller.AccountController.changePwd(com.enter.entity.User) 
11:22:02.224 [restartedMain] INFO  o.s.w.s.m.m.a.RequestMappingHandlerMapping - Mapped "{[/user/logout],methods=[GET]}" onto public java.lang.String com.enter.controller.AccountController.logout() 
11:22:02.225 [restartedMain] INFO  o.s.w.s.m.m.a.RequestMappingHandlerMapping - Mapped "{[/user/validCode/email],methods=[GET]}" onto public java.lang.Object com.enter.controller.AccountController.sendValidCode(java.lang.String,java.lang.String) 
11:22:02.225 [restartedMain] INFO  o.s.w.s.m.m.a.RequestMappingHandlerMapping - Mapped "{[/user/login],methods=[POST]}" onto public java.lang.Object com.enter.controller.AccountController.login(java.lang.String,java.lang.String) 
11:22:02.225 [restartedMain] INFO  o.s.w.s.m.m.a.RequestMappingHandlerMapping - Mapped "{[/user/validCode/message/{tel}],methods=[GET]}" onto public java.lang.Object com.enter.controller.AccountController.sendDxCode(java.lang.String) 
11:22:02.226 [restartedMain] INFO  o.s.w.s.m.m.a.RequestMappingHandlerMapping - Mapped "{[/user/checkValidCode],methods=[GET]}" onto public java.lang.Object com.enter.controller.AccountController.checkValidCode(java.lang.String,java.lang.String,java.lang.String) 
11:22:02.228 [restartedMain] INFO  o.s.w.s.m.m.a.RequestMappingHandlerMapping - Mapped "{[/user/address/temporaryAddress/set/id/{addressId}],methods=[GET]}" onto public java.lang.Object com.enter.controller.AddressController.setTemporaryAddress(java.lang.Long) 
11:22:02.228 [restartedMain] INFO  o.s.w.s.m.m.a.RequestMappingHandlerMapping - Mapped "{[/user/address/defaultAddress/modify/id/{addressId}],methods=[PUT]}" onto public java.lang.Object com.enter.controller.AddressController.setDefaultAddress(java.lang.Long,javax.servlet.http.HttpServletRequest) 
11:22:02.229 [restartedMain] INFO  o.s.w.s.m.m.a.RequestMappingHandlerMapping - Mapped "{[/user/address/delete/id/{addressId}],methods=[DELETE]}" onto public java.lang.Object com.enter.controller.AddressController.delAddress(java.lang.Long) 
11:22:02.229 [restartedMain] INFO  o.s.w.s.m.m.a.RequestMappingHandlerMapping - Mapped "{[/user/address/deliveryId/{deliveryId}],methods=[GET]}" onto public java.lang.String com.enter.controller.AddressController.getDeliveryInfo(java.lang.String,org.springframework.ui.Model) 
11:22:02.229 [restartedMain] INFO  o.s.w.s.m.m.a.RequestMappingHandlerMapping - Mapped "{[/user/address/view/id/{addressId}],methods=[GET]}" onto public java.lang.Object com.enter.controller.AddressController.findAddressById(java.lang.Long) 
11:22:02.230 [restartedMain] INFO  o.s.w.s.m.m.a.RequestMappingHandlerMapping - Mapped "{[/user/address/view],methods=[GET]}" onto public java.lang.Object com.enter.controller.AddressController.listMyAddress(org.springframework.ui.Model) 
11:22:02.230 [restartedMain] INFO  o.s.w.s.m.m.a.RequestMappingHandlerMapping - Mapped "{[/user/address/modify],methods=[PUT]}" onto public java.lang.Object com.enter.controller.AddressController.editAddress(com.enter.entity.Address,javax.servlet.http.HttpServletRequest) 
11:22:02.230 [restartedMain] INFO  o.s.w.s.m.m.a.RequestMappingHandlerMapping - Mapped "{[/user/address/add],methods=[POST]}" onto public java.lang.Object com.enter.controller.AddressController.addAddress(com.enter.entity.Address) 
11:22:02.230 [restartedMain] INFO  o.s.w.s.m.m.a.RequestMappingHandlerMapping - Mapped "{[/news/listNews]}" onto public java.lang.String com.enter.controller.NewsController.listNews(org.springframework.ui.Model) 
11:22:02.231 [restartedMain] INFO  o.s.w.s.m.m.a.RequestMappingHandlerMapping - Mapped "{[/user/orders/generate/three],methods=[POST]}" onto public java.lang.Object com.enter.controller.OrderController.generatedTotalOrder(java.lang.String,java.lang.Long) 
11:22:02.231 [restartedMain] INFO  o.s.w.s.m.m.a.RequestMappingHandlerMapping - Mapped "{[/user/orders/status/{orderState}],methods=[GET]}" onto public java.lang.String com.enter.controller.OrderController.listMyOrderByStatus(org.springframework.ui.Model,java.lang.String) 
11:22:02.232 [restartedMain] INFO  o.s.w.s.m.m.a.RequestMappingHandlerMapping - Mapped "{[/user/orders/cancer/{orderNum}],methods=[PUT]}" onto public java.lang.Object com.enter.controller.OrderController.cancerOrders(java.lang.String) 
11:22:02.232 [restartedMain] INFO  o.s.w.s.m.m.a.RequestMappingHandlerMapping - Mapped "{[/user/orders/nowBuy],methods=[POST]}" onto public java.lang.Object com.enter.controller.OrderController.nowBuy(java.lang.Long,java.lang.Integer,java.lang.String,java.lang.String) 
11:22:02.234 [restartedMain] INFO  o.s.w.s.m.m.a.RequestMappingHandlerMapping - Mapped "{[/user/orders/view/orderNo/{orderNum}],methods=[GET]}" onto public java.lang.String com.enter.controller.OrderController.findOrderById(java.lang.Long,org.springframework.ui.Model) 
11:22:02.234 [restartedMain] INFO  o.s.w.s.m.m.a.RequestMappingHandlerMapping - Mapped "{[/user/orders/onlinePay/view/{orderNum}],methods=[GET]}" onto public java.lang.String com.enter.controller.OrderController.onlinePay(java.lang.String,org.springframework.ui.Model) 
11:22:02.234 [restartedMain] INFO  o.s.w.s.m.m.a.RequestMappingHandlerMapping - Mapped "{[/user/orders/generate/two/trolleyIds/{trolleyIds}],methods=[GET]}" onto public java.lang.String com.enter.controller.OrderController.generatedOrder(java.lang.String,org.springframework.ui.Model) 
11:22:02.234 [restartedMain] INFO  o.s.w.s.m.m.a.RequestMappingHandlerMapping - Mapped "{[/user/orders/view],methods=[GET]}" onto public java.lang.String com.enter.controller.OrderController.listMyOrder(org.springframework.ui.Model) 
11:22:02.234 [restartedMain] INFO  o.s.w.s.m.m.a.RequestMappingHandlerMapping - Mapped "{[/user/orders/generate/one],methods=[POST]}" onto public java.lang.Object com.enter.controller.OrderController.addALLToOrder(java.lang.String) 
11:22:02.234 [restartedMain] INFO  o.s.w.s.m.m.a.RequestMappingHandlerMapping - Mapped "{[/product/findProductById]}" onto public java.lang.String com.enter.controller.ProductController.findProductById(org.springframework.ui.Model,java.lang.Long) 
11:22:02.235 [restartedMain] INFO  o.s.w.s.m.m.a.RequestMappingHandlerMapping - Mapped "{[/product/listMall]}" onto public java.lang.String com.enter.controller.ProductController.listMall(org.springframework.ui.Model) 
11:22:02.236 [restartedMain] INFO  o.s.w.s.m.m.a.RequestMappingHandlerMapping - Mapped "{[/user/service/view/id/{id}],methods=[GET]}" onto public java.lang.String com.enter.controller.SaleServiceController.getSaleServiceById(java.lang.Long,org.springframework.ui.Model) 
11:22:02.236 [restartedMain] INFO  o.s.w.s.m.m.a.RequestMappingHandlerMapping - Mapped "{[/user/service/view],methods=[GET]}" onto public java.lang.String com.enter.controller.SaleServiceController.findSaleServiceByUser(org.springframework.ui.Model) 
11:22:02.237 [restartedMain] INFO  o.s.w.s.m.m.a.RequestMappingHandlerMapping - Mapped "{[/user/service/view/orderId/{orderId}],methods=[GET]}" onto public java.lang.String com.enter.controller.SaleServiceController.findSaleServiceByOrderId(java.lang.Long,org.springframework.ui.Model) 
11:22:02.237 [restartedMain] INFO  o.s.w.s.m.m.a.RequestMappingHandlerMapping - Mapped "{[/user/service/apply/{orderNum}],methods=[GET]}" onto public java.lang.String com.enter.controller.SaleServiceController.applyForSaleService(java.lang.String,org.springframework.ui.Model) 
11:22:02.237 [restartedMain] INFO  o.s.w.s.m.m.a.RequestMappingHandlerMapping - Mapped "{[/user/service/view/status/{state1}/{state2}],methods=[GET]}" onto public java.lang.String com.enter.controller.SaleServiceController.findSaleServiceByUserAndState(org.springframework.ui.Model,java.lang.String,java.lang.String) 
11:22:02.237 [restartedMain] INFO  o.s.w.s.m.m.a.RequestMappingHandlerMapping - Mapped "{[/user/service/cancer],methods=[PUT]}" onto public java.lang.Object com.enter.controller.SaleServiceController.cancerSaleService(java.lang.Long) 
11:22:02.237 [restartedMain] INFO  o.s.w.s.m.m.a.RequestMappingHandlerMapping - Mapped "{[/user/service/tip/success],methods=[GET]}" onto public java.lang.String com.enter.controller.SaleServiceController.applySuccess() 
11:22:02.237 [restartedMain] INFO  o.s.w.s.m.m.a.RequestMappingHandlerMapping - Mapped "{[/user/service/add],methods=[POST]}" onto public java.lang.Object com.enter.controller.SaleServiceController.addSaleService(com.enter.entity.SaleService) 
11:22:02.238 [restartedMain] INFO  o.s.w.s.m.m.a.RequestMappingHandlerMapping - Mapped "{[/]}" onto public java.lang.String com.enter.controller.StaticController.index(org.springframework.ui.Model) 
11:22:02.238 [restartedMain] INFO  o.s.w.s.m.m.a.RequestMappingHandlerMapping - Mapped "{[/media]}" onto public java.lang.String com.enter.controller.StaticController.media() 
11:22:02.238 [restartedMain] INFO  o.s.w.s.m.m.a.RequestMappingHandlerMapping - Mapped "{[/login]}" onto public java.lang.String com.enter.controller.StaticController.login() 
11:22:02.238 [restartedMain] INFO  o.s.w.s.m.m.a.RequestMappingHandlerMapping - Mapped "{[/about]}" onto public java.lang.String com.enter.controller.StaticController.about() 
11:22:02.238 [restartedMain] INFO  o.s.w.s.m.m.a.RequestMappingHandlerMapping - Mapped "{[/deliveryInfo]}" onto public java.lang.String com.enter.controller.StaticController.deliveryInfo() 
11:22:02.238 [restartedMain] INFO  o.s.w.s.m.m.a.RequestMappingHandlerMapping - Mapped "{[/discount]}" onto public java.lang.String com.enter.controller.StaticController.discount() 
11:22:02.238 [restartedMain] INFO  o.s.w.s.m.m.a.RequestMappingHandlerMapping - Mapped "{[/music]}" onto public java.lang.String com.enter.controller.StaticController.music() 
11:22:02.238 [restartedMain] INFO  o.s.w.s.m.m.a.RequestMappingHandlerMapping - Mapped "{[/activity]}" onto public java.lang.String com.enter.controller.StaticController.activity() 
11:22:02.238 [restartedMain] INFO  o.s.w.s.m.m.a.RequestMappingHandlerMapping - Mapped "{[/songs]}" onto public java.lang.String com.enter.controller.StaticController.songs() 
11:22:02.239 [restartedMain] INFO  o.s.w.s.m.m.a.RequestMappingHandlerMapping - Mapped "{[/contact]}" onto public java.lang.String com.enter.controller.StaticController.contact() 
11:22:02.239 [restartedMain] INFO  o.s.w.s.m.m.a.RequestMappingHandlerMapping - Mapped "{[/news]}" onto public java.lang.String com.enter.controller.StaticController.news() 
11:22:02.240 [restartedMain] INFO  o.s.w.s.m.m.a.RequestMappingHandlerMapping - Mapped "{[/user/trolley/delete/bacth/ids/{trolleyIds}],methods=[DELETE]}" onto public java.lang.Object com.enter.controller.TrolleyController.bacthDeleteFromTrolley(java.lang.String) 
11:22:02.240 [restartedMain] INFO  o.s.w.s.m.m.a.RequestMappingHandlerMapping - Mapped "{[/user/trolley/totalCount],methods=[GET]}" onto public java.lang.Object com.enter.controller.TrolleyController.productCountFromTrolley() 
11:22:02.240 [restartedMain] INFO  o.s.w.s.m.m.a.RequestMappingHandlerMapping - Mapped "{[/user/trolley/delete/id/{trolleyId}],methods=[DELETE]}" onto public java.lang.Object com.enter.controller.TrolleyController.deleteFromTrolley(java.lang.Long) 
11:22:02.240 [restartedMain] INFO  o.s.w.s.m.m.a.RequestMappingHandlerMapping - Mapped "{[/user/trolley/add],methods=[POST]}" onto public java.lang.Object com.enter.controller.TrolleyController.addToTrolley(java.lang.Long,java.lang.Integer,java.lang.String,java.lang.String) 
11:22:02.240 [restartedMain] INFO  o.s.w.s.m.m.a.RequestMappingHandlerMapping - Mapped "{[/user/trolley/ajax/view],methods=[GET]}" onto public java.lang.Object com.enter.controller.TrolleyController.ajaxToMyTrolley() 
11:22:02.240 [restartedMain] INFO  o.s.w.s.m.m.a.RequestMappingHandlerMapping - Mapped "{[/user/trolley/view],methods=[GET]}" onto public java.lang.String com.enter.controller.TrolleyController.listMyTrolley(org.springframework.ui.Model) 
11:22:02.241 [restartedMain] INFO  o.s.w.s.m.m.a.RequestMappingHandlerMapping - Mapped "{[/user/modify/email],methods=[PUT]}" onto public java.lang.Object com.enter.controller.UserController.modifyEmail(java.lang.String,java.lang.String) 
11:22:02.241 [restartedMain] INFO  o.s.w.s.m.m.a.RequestMappingHandlerMapping - Mapped "{[/user/overView],methods=[GET]}" onto public java.lang.String com.enter.controller.UserController.accountInfo(org.springframework.ui.Model) 
11:22:02.241 [restartedMain] INFO  o.s.w.s.m.m.a.RequestMappingHandlerMapping - Mapped "{[/user/modifyPwd],methods=[PUT]}" onto public java.lang.Object com.enter.controller.UserController.modifyPwd(java.lang.String,java.lang.String) 
11:22:02.241 [restartedMain] INFO  o.s.w.s.m.m.a.RequestMappingHandlerMapping - Mapped "{[/user/modify/userName],methods=[PUT]}" onto public java.lang.Object com.enter.controller.UserController.editUserName(java.lang.String) 
11:22:02.241 [restartedMain] INFO  o.s.w.s.m.m.a.RequestMappingHandlerMapping - Mapped "{[/user/tel/modify/],methods=[PUT]}" onto public java.lang.Object com.enter.controller.UserController.modifyTel(java.lang.String,java.lang.String) 
11:22:02.243 [restartedMain] INFO  o.s.w.s.m.m.a.RequestMappingHandlerMapping - Mapped "{[/error]}" onto public org.springframework.http.ResponseEntity<java.util.Map<java.lang.String, java.lang.Object>> org.springframework.boot.autoconfigure.web.BasicErrorController.error(javax.servlet.http.HttpServletRequest) 
11:22:02.243 [restartedMain] INFO  o.s.w.s.m.m.a.RequestMappingHandlerMapping - Mapped "{[/error],produces=[text/html]}" onto public org.springframework.web.servlet.ModelAndView org.springframework.boot.autoconfigure.web.BasicErrorController.errorHtml(javax.servlet.http.HttpServletRequest,javax.servlet.http.HttpServletResponse) 
11:22:02.402 [restartedMain] INFO  o.s.w.s.h.SimpleUrlHandlerMapping - Mapped URL path [/webjars/**] onto handler of type [class org.springframework.web.servlet.resource.ResourceHttpRequestHandler] 
11:22:02.402 [restartedMain] INFO  o.s.w.s.h.SimpleUrlHandlerMapping - Mapped URL path [/**] onto handler of type [class org.springframework.web.servlet.resource.ResourceHttpRequestHandler] 
11:22:02.422 [restartedMain] INFO  o.s.w.s.m.m.a.ExceptionHandlerExceptionResolver - Detected @ExceptionHandler methods in globalExceptionHandler 
11:22:02.468 [restartedMain] INFO  o.s.w.s.h.SimpleUrlHandlerMapping - Mapped URL path [/**/favicon.ico] onto handler of type [class org.springframework.web.servlet.resource.ResourceHttpRequestHandler] 
11:22:03.499 [restartedMain] INFO  o.s.b.d.a.OptionalLiveReloadServer - LiveReload server is running on port 35729 
11:22:03.626 [restartedMain] INFO  o.s.j.e.a.AnnotationMBeanExporter - Registering beans for JMX exposure on startup 
11:22:03.635 [restartedMain] INFO  o.s.b.c.e.t.TomcatEmbeddedServletContainer - Tomcat started on port(s): 8080 (http) 
11:22:03.636 [restartedMain] INFO  com.enter.ShoppingApplication - Started ShoppingApplication in 6.206 seconds (JVM running for 1154.882) 
11:22:17.286 [http-nio-8080-exec-3] INFO  o.a.c.c.C.[Tomcat].[localhost].[/] - Initializing Spring FrameworkServlet 'dispatcherServlet' 
11:22:17.286 [http-nio-8080-exec-3] INFO  o.s.web.servlet.DispatcherServlet - FrameworkServlet 'dispatcherServlet': initialization started 
11:22:17.314 [http-nio-8080-exec-3] INFO  o.s.web.servlet.DispatcherServlet - FrameworkServlet 'dispatcherServlet': initialization completed in 27 ms 
11:22:17.322 [http-nio-8080-exec-3] WARN  o.s.w.s.m.m.a.ExceptionHandlerExceptionResolver - Resolved exception caused by Handler execution: com.enter.exception.PageException: 未登陆 
11:22:18.273 [http-nio-8080-exec-4] INFO  com.enter.util.CheckUserLogin - login------------------------------------------------90564CC63F32234A2715307572E41BB2 
13:46:08.627 [http-nio-8080-exec-2] WARN  o.s.w.s.m.m.a.ExceptionHandlerExceptionResolver - Resolved exception caused by Handler execution: com.enter.exception.ShoppingException: 未登陆 
13:46:10.474 [http-nio-8080-exec-5] INFO  o.a.tomcat.util.http.parser.Cookie - A cookie header was received [@qq.com=123456; JSESSIONID=A1D01D4045956740D036AB34F63E3718] that contained an invalid cookie. That cookie will be ignored.Note: further occurrences of this error will be logged at DEBUG level. 
13:46:11.684 [http-nio-8080-exec-10] INFO  com.enter.util.CheckUserLogin - login------------------------------------------------A1D01D4045956740D036AB34F63E3718 
14:41:14.948 [Thread-49] INFO  o.s.b.c.e.AnnotationConfigEmbeddedWebApplicationContext - Closing org.springframework.boot.context.embedded.AnnotationConfigEmbeddedWebApplicationContext@3d5122a2: startup date [Mon Dec 04 11:21:57 CST 2017]; root of context hierarchy 
14:41:14.958 [Thread-49] INFO  o.s.j.e.a.AnnotationMBeanExporter - Unregistering JMX-exposed beans on shutdown 
14:41:14.961 [Thread-49] INFO  o.s.o.j.LocalContainerEntityManagerFactoryBean - Closing JPA EntityManagerFactory for persistence unit 'default' 
14:41:15.685 [restartedMain] INFO  com.enter.ShoppingApplication - Starting ShoppingApplication on PC-20170313TDVT with PID 17124 (F:\idea\shopping\target\classes started by Administrator in F:\idea\shopping) 
14:41:15.686 [restartedMain] INFO  com.enter.ShoppingApplication - No active profile set, falling back to default profiles: default 
14:41:15.695 [restartedMain] INFO  o.s.b.c.e.AnnotationConfigEmbeddedWebApplicationContext - Refreshing org.springframework.boot.context.embedded.AnnotationConfigEmbeddedWebApplicationContext@2b73b164: startup date [Mon Dec 04 14:41:15 CST 2017]; root of context hierarchy 
14:41:16.668 [restartedMain] INFO  o.s.b.c.e.t.TomcatEmbeddedServletContainer - Tomcat initialized with port(s): 8080 (http) 
14:41:16.670 [restartedMain] INFO  o.a.catalina.core.StandardService - Starting service [Tomcat] 
14:41:16.671 [restartedMain] INFO  o.a.catalina.core.StandardEngine - Starting Servlet Engine: Apache Tomcat/8.5.20 
14:41:16.704 [localhost-startStop-1] INFO  o.a.c.c.C.[Tomcat].[localhost].[/] - Initializing Spring embedded WebApplicationContext 
14:41:16.706 [localhost-startStop-1] INFO  o.s.web.context.ContextLoader - Root WebApplicationContext: initialization completed in 1011 ms 
14:41:17.022 [localhost-startStop-1] INFO  o.s.b.w.s.ServletRegistrationBean - Mapping servlet: 'dispatcherServlet' to [/] 
14:41:17.022 [localhost-startStop-1] INFO  o.s.b.w.s.FilterRegistrationBean - Mapping filter: 'characterEncodingFilter' to: [/*] 
14:41:17.022 [localhost-startStop-1] INFO  o.s.b.w.s.FilterRegistrationBean - Mapping filter: 'hiddenHttpMethodFilter' to: [/*] 
14:41:17.022 [localhost-startStop-1] INFO  o.s.b.w.s.FilterRegistrationBean - Mapping filter: 'httpPutFormContentFilter' to: [/*] 
14:41:17.023 [localhost-startStop-1] INFO  o.s.b.w.s.FilterRegistrationBean - Mapping filter: 'requestContextFilter' to: [/*] 
14:41:17.537 [restartedMain] INFO  o.s.o.j.LocalContainerEntityManagerFactoryBean - Building JPA container EntityManagerFactory for persistence unit 'default' 
14:41:17.538 [restartedMain] INFO  o.h.jpa.internal.util.LogHelper - HHH000204: Processing PersistenceUnitInfo [
	name: default
	...] 
14:41:17.574 [restartedMain] INFO  org.hibernate.dialect.Dialect - HHH000400: Using dialect: org.hibernate.dialect.MySQL5Dialect 
14:41:17.655 [restartedMain] INFO  o.h.tool.hbm2ddl.SchemaUpdate - HHH000228: Running hbm2ddl schema update 
14:41:18.128 [restartedMain] INFO  o.s.o.j.LocalContainerEntityManagerFactoryBean - Initialized JPA EntityManagerFactory for persistence unit 'default' 
14:41:18.545 [restartedMain] INFO  o.h.h.i.QueryTranslatorFactoryInitiator - HHH000397: Using ASTQueryTranslatorFactory 
14:41:20.472 [restartedMain] INFO  o.s.w.s.m.m.a.RequestMappingHandlerAdapter - Looking for @ControllerAdvice: org.springframework.boot.context.embedded.AnnotationConfigEmbeddedWebApplicationContext@2b73b164: startup date [Mon Dec 04 14:41:15 CST 2017]; root of context hierarchy 
14:41:20.615 [restartedMain] INFO  o.s.w.s.m.m.a.RequestMappingHandlerMapping - Mapped "{[/user/register],methods=[POST]}" onto public java.lang.Object com.enter.controller.AccountController.register(com.enter.entity.User) 
14:41:20.616 [restartedMain] INFO  o.s.w.s.m.m.a.RequestMappingHandlerMapping - Mapped "{[/user/changePwd],methods=[POST]}" onto public java.lang.Object com.enter.controller.AccountController.changePwd(com.enter.entity.User) 
14:41:20.617 [restartedMain] INFO  o.s.w.s.m.m.a.RequestMappingHandlerMapping - Mapped "{[/user/logout],methods=[GET]}" onto public java.lang.String com.enter.controller.AccountController.logout() 
14:41:20.617 [restartedMain] INFO  o.s.w.s.m.m.a.RequestMappingHandlerMapping - Mapped "{[/user/validCode/email],methods=[GET]}" onto public java.lang.Object com.enter.controller.AccountController.sendValidCode(java.lang.String,java.lang.String) 
14:41:20.618 [restartedMain] INFO  o.s.w.s.m.m.a.RequestMappingHandlerMapping - Mapped "{[/user/login],methods=[POST]}" onto public java.lang.Object com.enter.controller.AccountController.login(java.lang.String,java.lang.String) 
14:41:20.619 [restartedMain] INFO  o.s.w.s.m.m.a.RequestMappingHandlerMapping - Mapped "{[/user/validCode/message/{tel}],methods=[GET]}" onto public java.lang.Object com.enter.controller.AccountController.sendDxCode(java.lang.String) 
14:41:20.619 [restartedMain] INFO  o.s.w.s.m.m.a.RequestMappingHandlerMapping - Mapped "{[/user/checkValidCode],methods=[GET]}" onto public java.lang.Object com.enter.controller.AccountController.checkValidCode(java.lang.String,java.lang.String,java.lang.String) 
14:41:20.621 [restartedMain] INFO  o.s.w.s.m.m.a.RequestMappingHandlerMapping - Mapped "{[/user/address/temporaryAddress/set/id/{addressId}],methods=[GET]}" onto public java.lang.Object com.enter.controller.AddressController.setTemporaryAddress(java.lang.Long) 
14:41:20.622 [restartedMain] INFO  o.s.w.s.m.m.a.RequestMappingHandlerMapping - Mapped "{[/user/address/defaultAddress/modify/id/{addressId}],methods=[PUT]}" onto public java.lang.Object com.enter.controller.AddressController.setDefaultAddress(java.lang.Long,javax.servlet.http.HttpServletRequest) 
14:41:20.622 [restartedMain] INFO  o.s.w.s.m.m.a.RequestMappingHandlerMapping - Mapped "{[/user/address/delete/id/{addressId}],methods=[DELETE]}" onto public java.lang.Object com.enter.controller.AddressController.delAddress(java.lang.Long) 
14:41:20.622 [restartedMain] INFO  o.s.w.s.m.m.a.RequestMappingHandlerMapping - Mapped "{[/user/address/deliveryId/{deliveryId}],methods=[GET]}" onto public java.lang.String com.enter.controller.AddressController.getDeliveryInfo(java.lang.String,org.springframework.ui.Model) 
14:41:20.622 [restartedMain] INFO  o.s.w.s.m.m.a.RequestMappingHandlerMapping - Mapped "{[/user/address/view/id/{addressId}],methods=[GET]}" onto public java.lang.Object com.enter.controller.AddressController.findAddressById(java.lang.Long) 
14:41:20.623 [restartedMain] INFO  o.s.w.s.m.m.a.RequestMappingHandlerMapping - Mapped "{[/user/address/view],methods=[GET]}" onto public java.lang.Object com.enter.controller.AddressController.listMyAddress(org.springframework.ui.Model) 
14:41:20.623 [restartedMain] INFO  o.s.w.s.m.m.a.RequestMappingHandlerMapping - Mapped "{[/user/address/modify],methods=[PUT]}" onto public java.lang.Object com.enter.controller.AddressController.editAddress(com.enter.entity.Address,javax.servlet.http.HttpServletRequest) 
14:41:20.623 [restartedMain] INFO  o.s.w.s.m.m.a.RequestMappingHandlerMapping - Mapped "{[/user/address/add],methods=[POST]}" onto public java.lang.Object com.enter.controller.AddressController.addAddress(com.enter.entity.Address) 
14:41:20.624 [restartedMain] INFO  o.s.w.s.m.m.a.RequestMappingHandlerMapping - Mapped "{[/news/listNews]}" onto public java.lang.String com.enter.controller.NewsController.listNews(org.springframework.ui.Model) 
14:41:20.625 [restartedMain] INFO  o.s.w.s.m.m.a.RequestMappingHandlerMapping - Mapped "{[/user/orders/generate/three],methods=[POST]}" onto public java.lang.Object com.enter.controller.OrderController.generatedTotalOrder(java.lang.String,java.lang.Long) 
14:41:20.625 [restartedMain] INFO  o.s.w.s.m.m.a.RequestMappingHandlerMapping - Mapped "{[/user/orders/status/{orderState}],methods=[GET]}" onto public java.lang.String com.enter.controller.OrderController.listMyOrderByStatus(org.springframework.ui.Model,java.lang.String) 
14:41:20.625 [restartedMain] INFO  o.s.w.s.m.m.a.RequestMappingHandlerMapping - Mapped "{[/user/orders/cancer/{orderNum}],methods=[PUT]}" onto public java.lang.Object com.enter.controller.OrderController.cancerOrders(java.lang.String) 
14:41:20.626 [restartedMain] INFO  o.s.w.s.m.m.a.RequestMappingHandlerMapping - Mapped "{[/user/orders/nowBuy],methods=[POST]}" onto public java.lang.Object com.enter.controller.OrderController.nowBuy(java.lang.Long,java.lang.Integer,java.lang.String,java.lang.String) 
14:41:20.626 [restartedMain] INFO  o.s.w.s.m.m.a.RequestMappingHandlerMapping - Mapped "{[/user/orders/view/orderNo/{orderNum}],methods=[GET]}" onto public java.lang.String com.enter.controller.OrderController.findOrderById(java.lang.Long,org.springframework.ui.Model) 
14:41:20.626 [restartedMain] INFO  o.s.w.s.m.m.a.RequestMappingHandlerMapping - Mapped "{[/user/orders/onlinePay/view/{orderNum}],methods=[GET]}" onto public java.lang.String com.enter.controller.OrderController.onlinePay(java.lang.String,org.springframework.ui.Model) 
14:41:20.626 [restartedMain] INFO  o.s.w.s.m.m.a.RequestMappingHandlerMapping - Mapped "{[/user/orders/generate/two/trolleyIds/{trolleyIds}],methods=[GET]}" onto public java.lang.String com.enter.controller.OrderController.generatedOrder(java.lang.String,org.springframework.ui.Model) 
14:41:20.626 [restartedMain] INFO  o.s.w.s.m.m.a.RequestMappingHandlerMapping - Mapped "{[/user/orders/view],methods=[GET]}" onto public java.lang.String com.enter.controller.OrderController.listMyOrder(org.springframework.ui.Model) 
14:41:20.627 [restartedMain] INFO  o.s.w.s.m.m.a.RequestMappingHandlerMapping - Mapped "{[/user/orders/generate/one],methods=[POST]}" onto public java.lang.Object com.enter.controller.OrderController.addALLToOrder(java.lang.String) 
14:41:20.627 [restartedMain] INFO  o.s.w.s.m.m.a.RequestMappingHandlerMapping - Mapped "{[/product/findProductById]}" onto public java.lang.String com.enter.controller.ProductController.findProductById(org.springframework.ui.Model,java.lang.Long) 
14:41:20.627 [restartedMain] INFO  o.s.w.s.m.m.a.RequestMappingHandlerMapping - Mapped "{[/product/listMall]}" onto public java.lang.String com.enter.controller.ProductController.listMall(org.springframework.ui.Model) 
14:41:20.628 [restartedMain] INFO  o.s.w.s.m.m.a.RequestMappingHandlerMapping - Mapped "{[/user/service/view/id/{id}],methods=[GET]}" onto public java.lang.String com.enter.controller.SaleServiceController.getSaleServiceById(java.lang.Long,org.springframework.ui.Model) 
14:41:20.629 [restartedMain] INFO  o.s.w.s.m.m.a.RequestMappingHandlerMapping - Mapped "{[/user/service/view],methods=[GET]}" onto public java.lang.String com.enter.controller.SaleServiceController.findSaleServiceByUser(org.springframework.ui.Model) 
14:41:20.629 [restartedMain] INFO  o.s.w.s.m.m.a.RequestMappingHandlerMapping - Mapped "{[/user/service/view/orderId/{orderId}],methods=[GET]}" onto public java.lang.String com.enter.controller.SaleServiceController.findSaleServiceByOrderId(java.lang.Long,org.springframework.ui.Model) 
14:41:20.629 [restartedMain] INFO  o.s.w.s.m.m.a.RequestMappingHandlerMapping - Mapped "{[/user/service/apply/{orderNum}],methods=[GET]}" onto public java.lang.String com.enter.controller.SaleServiceController.applyForSaleService(java.lang.String,org.springframework.ui.Model) 
14:41:20.630 [restartedMain] INFO  o.s.w.s.m.m.a.RequestMappingHandlerMapping - Mapped "{[/user/service/view/status/{state1}/{state2}],methods=[GET]}" onto public java.lang.String com.enter.controller.SaleServiceController.findSaleServiceByUserAndState(org.springframework.ui.Model,java.lang.String,java.lang.String) 
14:41:20.630 [restartedMain] INFO  o.s.w.s.m.m.a.RequestMappingHandlerMapping - Mapped "{[/user/service/cancer],methods=[PUT]}" onto public java.lang.Object com.enter.controller.SaleServiceController.cancerSaleService(java.lang.Long) 
14:41:20.630 [restartedMain] INFO  o.s.w.s.m.m.a.RequestMappingHandlerMapping - Mapped "{[/user/service/tip/success],methods=[GET]}" onto public java.lang.String com.enter.controller.SaleServiceController.applySuccess() 
14:41:20.630 [restartedMain] INFO  o.s.w.s.m.m.a.RequestMappingHandlerMapping - Mapped "{[/user/service/add],methods=[POST]}" onto public java.lang.Object com.enter.controller.SaleServiceController.addSaleService(com.enter.entity.SaleService) 
14:41:20.630 [restartedMain] INFO  o.s.w.s.m.m.a.RequestMappingHandlerMapping - Mapped "{[/]}" onto public java.lang.String com.enter.controller.StaticController.index(org.springframework.ui.Model) 
14:41:20.630 [restartedMain] INFO  o.s.w.s.m.m.a.RequestMappingHandlerMapping - Mapped "{[/media]}" onto public java.lang.String com.enter.controller.StaticController.media() 
14:41:20.630 [restartedMain] INFO  o.s.w.s.m.m.a.RequestMappingHandlerMapping - Mapped "{[/login]}" onto public java.lang.String com.enter.controller.StaticController.login() 
14:41:20.630 [restartedMain] INFO  o.s.w.s.m.m.a.RequestMappingHandlerMapping - Mapped "{[/about]}" onto public java.lang.String com.enter.controller.StaticController.about() 
14:41:20.631 [restartedMain] INFO  o.s.w.s.m.m.a.RequestMappingHandlerMapping - Mapped "{[/deliveryInfo]}" onto public java.lang.String com.enter.controller.StaticController.deliveryInfo() 
14:41:20.631 [restartedMain] INFO  o.s.w.s.m.m.a.RequestMappingHandlerMapping - Mapped "{[/discount]}" onto public java.lang.String com.enter.controller.StaticController.discount() 
14:41:20.631 [restartedMain] INFO  o.s.w.s.m.m.a.RequestMappingHandlerMapping - Mapped "{[/music]}" onto public java.lang.String com.enter.controller.StaticController.music() 
14:41:20.631 [restartedMain] INFO  o.s.w.s.m.m.a.RequestMappingHandlerMapping - Mapped "{[/activity]}" onto public java.lang.String com.enter.controller.StaticController.activity() 
14:41:20.631 [restartedMain] INFO  o.s.w.s.m.m.a.RequestMappingHandlerMapping - Mapped "{[/songs]}" onto public java.lang.String com.enter.controller.StaticController.songs() 
14:41:20.632 [restartedMain] INFO  o.s.w.s.m.m.a.RequestMappingHandlerMapping - Mapped "{[/contact]}" onto public java.lang.String com.enter.controller.StaticController.contact() 
14:41:20.632 [restartedMain] INFO  o.s.w.s.m.m.a.RequestMappingHandlerMapping - Mapped "{[/news]}" onto public java.lang.String com.enter.controller.StaticController.news() 
14:41:20.633 [restartedMain] INFO  o.s.w.s.m.m.a.RequestMappingHandlerMapping - Mapped "{[/user/trolley/delete/bacth/ids/{trolleyIds}],methods=[DELETE]}" onto public java.lang.Object com.enter.controller.TrolleyController.bacthDeleteFromTrolley(java.lang.String) 
14:41:20.633 [restartedMain] INFO  o.s.w.s.m.m.a.RequestMappingHandlerMapping - Mapped "{[/user/trolley/totalCount],methods=[GET]}" onto public java.lang.Object com.enter.controller.TrolleyController.productCountFromTrolley() 
14:41:20.633 [restartedMain] INFO  o.s.w.s.m.m.a.RequestMappingHandlerMapping - Mapped "{[/user/trolley/delete/id/{trolleyId}],methods=[DELETE]}" onto public java.lang.Object com.enter.controller.TrolleyController.deleteFromTrolley(java.lang.Long) 
14:41:20.633 [restartedMain] INFO  o.s.w.s.m.m.a.RequestMappingHandlerMapping - Mapped "{[/user/trolley/add],methods=[POST]}" onto public java.lang.Object com.enter.controller.TrolleyController.addToTrolley(java.lang.Long,java.lang.Integer,java.lang.String,java.lang.String) 
14:41:20.633 [restartedMain] INFO  o.s.w.s.m.m.a.RequestMappingHandlerMapping - Mapped "{[/user/trolley/ajax/view],methods=[GET]}" onto public java.lang.Object com.enter.controller.TrolleyController.ajaxToMyTrolley() 
14:41:20.633 [restartedMain] INFO  o.s.w.s.m.m.a.RequestMappingHandlerMapping - Mapped "{[/user/trolley/view],methods=[GET]}" onto public java.lang.String com.enter.controller.TrolleyController.listMyTrolley(org.springframework.ui.Model) 
14:41:20.634 [restartedMain] INFO  o.s.w.s.m.m.a.RequestMappingHandlerMapping - Mapped "{[/user/modify/email],methods=[PUT]}" onto public java.lang.Object com.enter.controller.UserController.modifyEmail(java.lang.String,java.lang.String) 
14:41:20.634 [restartedMain] INFO  o.s.w.s.m.m.a.RequestMappingHandlerMapping - Mapped "{[/user/overView],methods=[GET]}" onto public java.lang.String com.enter.controller.UserController.accountInfo(org.springframework.ui.Model) 
14:41:20.634 [restartedMain] INFO  o.s.w.s.m.m.a.RequestMappingHandlerMapping - Mapped "{[/user/modifyPwd],methods=[PUT]}" onto public java.lang.Object com.enter.controller.UserController.modifyPwd(java.lang.String,java.lang.String) 
14:41:20.635 [restartedMain] INFO  o.s.w.s.m.m.a.RequestMappingHandlerMapping - Mapped "{[/user/modify/userName],methods=[PUT]}" onto public java.lang.Object com.enter.controller.UserController.editUserName(java.lang.String) 
14:41:20.635 [restartedMain] INFO  o.s.w.s.m.m.a.RequestMappingHandlerMapping - Mapped "{[/user/tel/modify/],methods=[PUT]}" onto public java.lang.Object com.enter.controller.UserController.modifyTel(java.lang.String,java.lang.String) 
14:41:20.636 [restartedMain] INFO  o.s.w.s.m.m.a.RequestMappingHandlerMapping - Mapped "{[/error]}" onto public org.springframework.http.ResponseEntity<java.util.Map<java.lang.String, java.lang.Object>> org.springframework.boot.autoconfigure.web.BasicErrorController.error(javax.servlet.http.HttpServletRequest) 
14:41:20.636 [restartedMain] INFO  o.s.w.s.m.m.a.RequestMappingHandlerMapping - Mapped "{[/error],produces=[text/html]}" onto public org.springframework.web.servlet.ModelAndView org.springframework.boot.autoconfigure.web.BasicErrorController.errorHtml(javax.servlet.http.HttpServletRequest,javax.servlet.http.HttpServletResponse) 
14:41:20.800 [restartedMain] INFO  o.s.w.s.h.SimpleUrlHandlerMapping - Mapped URL path [/webjars/**] onto handler of type [class org.springframework.web.servlet.resource.ResourceHttpRequestHandler] 
14:41:20.800 [restartedMain] INFO  o.s.w.s.h.SimpleUrlHandlerMapping - Mapped URL path [/**] onto handler of type [class org.springframework.web.servlet.resource.ResourceHttpRequestHandler] 
14:41:20.820 [restartedMain] INFO  o.s.w.s.m.m.a.ExceptionHandlerExceptionResolver - Detected @ExceptionHandler methods in globalExceptionHandler 
14:41:20.869 [restartedMain] INFO  o.s.w.s.h.SimpleUrlHandlerMapping - Mapped URL path [/**/favicon.ico] onto handler of type [class org.springframework.web.servlet.resource.ResourceHttpRequestHandler] 
14:41:22.064 [restartedMain] INFO  o.s.b.d.a.OptionalLiveReloadServer - LiveReload server is running on port 35729 
14:41:22.214 [restartedMain] INFO  o.s.j.e.a.AnnotationMBeanExporter - Registering beans for JMX exposure on startup 
14:41:22.229 [restartedMain] INFO  o.s.b.c.e.t.TomcatEmbeddedServletContainer - Tomcat started on port(s): 8080 (http) 
14:41:22.231 [restartedMain] INFO  com.enter.ShoppingApplication - Started ShoppingApplication in 6.63 seconds (JVM running for 13113.493) 
14:41:22.380 [http-nio-8080-exec-3] INFO  o.a.c.c.C.[Tomcat].[localhost].[/] - Initializing Spring FrameworkServlet 'dispatcherServlet' 
14:41:22.381 [http-nio-8080-exec-3] INFO  o.s.web.servlet.DispatcherServlet - FrameworkServlet 'dispatcherServlet': initialization started 
14:41:22.431 [http-nio-8080-exec-3] INFO  o.s.web.servlet.DispatcherServlet - FrameworkServlet 'dispatcherServlet': initialization completed in 50 ms 
14:41:22.441 [http-nio-8080-exec-3] WARN  o.s.w.s.m.m.a.ExceptionHandlerExceptionResolver - Resolved exception caused by Handler execution: com.enter.exception.PageException: 未登陆 
14:44:47.743 [http-nio-8080-exec-3] WARN  o.s.w.s.m.m.a.ExceptionHandlerExceptionResolver - Resolved exception caused by Handler execution: com.enter.exception.PageException: 未登陆 
14:44:49.482 [http-nio-8080-exec-3] INFO  com.enter.util.CheckUserLogin - login------------------------------------------------A1D01D4045956740D036AB34F63E3718 
14:54:14.963 [http-nio-8080-exec-2] WARN  o.s.w.s.m.m.a.ExceptionHandlerExceptionResolver - Resolved exception caused by Handler execution: com.enter.exception.PageException: 未登陆 
14:56:20.857 [http-nio-8080-exec-7] WARN  o.s.w.s.m.m.a.ExceptionHandlerExceptionResolver - Resolved exception caused by Handler execution: com.enter.exception.PageException: 未登陆 
14:56:42.834 [http-nio-8080-exec-3] WARN  o.s.w.s.m.m.a.ExceptionHandlerExceptionResolver - Resolved exception caused by Handler execution: com.enter.exception.PageException: 未登陆 
14:57:06.002 [http-nio-8080-exec-2] INFO  com.enter.util.CheckUserLogin - login------------------------------------------------9CBF67958FDC32F53D2070D4F4C59D78 
14:57:35.472 [http-nio-8080-exec-10] WARN  o.s.w.s.m.m.a.ExceptionHandlerExceptionResolver - Resolved exception caused by Handler execution: com.enter.exception.PageException: 未登陆 
18:12:33.623 [restartedMain] INFO  com.enter.ShoppingApplication - Starting ShoppingApplication on PC-20170313TDVT with PID 5092 (F:\idea\shopping\target\classes started by Administrator in F:\idea\shopping) 
18:12:33.627 [restartedMain] INFO  com.enter.ShoppingApplication - No active profile set, falling back to default profiles: default 
18:12:33.928 [restartedMain] INFO  o.s.b.c.e.AnnotationConfigEmbeddedWebApplicationContext - Refreshing org.springframework.boot.context.embedded.AnnotationConfigEmbeddedWebApplicationContext@38e8495e: startup date [Mon Dec 04 18:12:33 CST 2017]; root of context hierarchy 
18:12:36.416 [restartedMain] INFO  o.s.b.c.e.t.TomcatEmbeddedServletContainer - Tomcat initialized with port(s): 8080 (http) 
18:12:36.425 [restartedMain] INFO  o.a.catalina.core.StandardService - Starting service [Tomcat] 
18:12:36.426 [restartedMain] INFO  o.a.catalina.core.StandardEngine - Starting Servlet Engine: Apache Tomcat/8.5.20 
18:12:36.535 [localhost-startStop-1] INFO  o.a.c.c.C.[Tomcat].[localhost].[/] - Initializing Spring embedded WebApplicationContext 
18:12:36.536 [localhost-startStop-1] INFO  o.s.web.context.ContextLoader - Root WebApplicationContext: initialization completed in 2608 ms 
18:12:37.097 [localhost-startStop-1] INFO  o.s.b.w.s.ServletRegistrationBean - Mapping servlet: 'dispatcherServlet' to [/] 
18:12:37.101 [localhost-startStop-1] INFO  o.s.b.w.s.FilterRegistrationBean - Mapping filter: 'characterEncodingFilter' to: [/*] 
18:12:37.102 [localhost-startStop-1] INFO  o.s.b.w.s.FilterRegistrationBean - Mapping filter: 'hiddenHttpMethodFilter' to: [/*] 
18:12:37.102 [localhost-startStop-1] INFO  o.s.b.w.s.FilterRegistrationBean - Mapping filter: 'httpPutFormContentFilter' to: [/*] 
18:12:37.103 [localhost-startStop-1] INFO  o.s.b.w.s.FilterRegistrationBean - Mapping filter: 'requestContextFilter' to: [/*] 
18:12:37.940 [restartedMain] INFO  o.s.o.j.LocalContainerEntityManagerFactoryBean - Building JPA container EntityManagerFactory for persistence unit 'default' 
18:12:38.040 [restartedMain] INFO  o.h.jpa.internal.util.LogHelper - HHH000204: Processing PersistenceUnitInfo [
	name: default
	...] 
18:12:38.100 [restartedMain] INFO  org.hibernate.Version - HHH000412: Hibernate Core {5.0.12.Final} 
18:12:38.102 [restartedMain] INFO  org.hibernate.cfg.Environment - HHH000206: hibernate.properties not found 
18:12:38.102 [restartedMain] INFO  org.hibernate.cfg.Environment - HHH000021: Bytecode provider name : javassist 
18:12:38.143 [restartedMain] INFO  o.h.annotations.common.Version - HCANN000001: Hibernate Commons Annotations {5.0.1.Final} 
18:12:38.295 [restartedMain] INFO  org.hibernate.dialect.Dialect - HHH000400: Using dialect: org.hibernate.dialect.MySQL5Dialect 
18:12:38.781 [restartedMain] INFO  o.h.tool.hbm2ddl.SchemaUpdate - HHH000228: Running hbm2ddl schema update 
18:12:39.344 [restartedMain] INFO  o.s.o.j.LocalContainerEntityManagerFactoryBean - Initialized JPA EntityManagerFactory for persistence unit 'default' 
18:12:40.028 [restartedMain] INFO  o.h.h.i.QueryTranslatorFactoryInitiator - HHH000397: Using ASTQueryTranslatorFactory 
18:12:42.455 [restartedMain] INFO  o.s.w.s.m.m.a.RequestMappingHandlerAdapter - Looking for @ControllerAdvice: org.springframework.boot.context.embedded.AnnotationConfigEmbeddedWebApplicationContext@38e8495e: startup date [Mon Dec 04 18:12:33 CST 2017]; root of context hierarchy 
18:12:42.677 [restartedMain] INFO  o.s.w.s.m.m.a.RequestMappingHandlerMapping - Mapped "{[/user/register],methods=[POST]}" onto public java.lang.Object com.enter.controller.AccountController.register(com.enter.entity.User) 
18:12:42.678 [restartedMain] INFO  o.s.w.s.m.m.a.RequestMappingHandlerMapping - Mapped "{[/user/validCode/message/{tel}],methods=[GET]}" onto public java.lang.Object com.enter.controller.AccountController.sendDxCode(java.lang.String) 
18:12:42.680 [restartedMain] INFO  o.s.w.s.m.m.a.RequestMappingHandlerMapping - Mapped "{[/user/changePwd],methods=[POST]}" onto public java.lang.Object com.enter.controller.AccountController.changePwd(com.enter.entity.User) 
18:12:42.680 [restartedMain] INFO  o.s.w.s.m.m.a.RequestMappingHandlerMapping - Mapped "{[/user/logout],methods=[GET]}" onto public java.lang.String com.enter.controller.AccountController.logout() 
18:12:42.681 [restartedMain] INFO  o.s.w.s.m.m.a.RequestMappingHandlerMapping - Mapped "{[/user/login],methods=[POST]}" onto public java.lang.Object com.enter.controller.AccountController.login(java.lang.String,java.lang.String) 
18:12:42.681 [restartedMain] INFO  o.s.w.s.m.m.a.RequestMappingHandlerMapping - Mapped "{[/user/checkValidCode],methods=[GET]}" onto public java.lang.Object com.enter.controller.AccountController.checkValidCode(java.lang.String,java.lang.String,java.lang.String) 
18:12:42.681 [restartedMain] INFO  o.s.w.s.m.m.a.RequestMappingHandlerMapping - Mapped "{[/user/validCode/email],methods=[GET]}" onto public java.lang.Object com.enter.controller.AccountController.sendValidCode(java.lang.String,java.lang.String) 
18:12:42.685 [restartedMain] INFO  o.s.w.s.m.m.a.RequestMappingHandlerMapping - Mapped "{[/user/address/modify],methods=[PUT]}" onto public java.lang.Object com.enter.controller.AddressController.editAddress(com.enter.entity.Address,javax.servlet.http.HttpServletRequest) 
18:12:42.687 [restartedMain] INFO  o.s.w.s.m.m.a.RequestMappingHandlerMapping - Mapped "{[/user/address/view/id/{addressId}],methods=[GET]}" onto public java.lang.Object com.enter.controller.AddressController.findAddressById(java.lang.Long) 
18:12:42.687 [restartedMain] INFO  o.s.w.s.m.m.a.RequestMappingHandlerMapping - Mapped "{[/user/address/add],methods=[POST]}" onto public java.lang.Object com.enter.controller.AddressController.addAddress(com.enter.entity.Address) 
18:12:42.687 [restartedMain] INFO  o.s.w.s.m.m.a.RequestMappingHandlerMapping - Mapped "{[/user/address/delete/id/{addressId}],methods=[DELETE]}" onto public java.lang.Object com.enter.controller.AddressController.delAddress(java.lang.Long) 
18:12:42.688 [restartedMain] INFO  o.s.w.s.m.m.a.RequestMappingHandlerMapping - Mapped "{[/user/address/deliveryId/{deliveryId}],methods=[GET]}" onto public java.lang.String com.enter.controller.AddressController.getDeliveryInfo(java.lang.String,org.springframework.ui.Model) 
18:12:42.688 [restartedMain] INFO  o.s.w.s.m.m.a.RequestMappingHandlerMapping - Mapped "{[/user/address/view],methods=[GET]}" onto public java.lang.Object com.enter.controller.AddressController.listMyAddress(org.springframework.ui.Model) 
18:12:42.688 [restartedMain] INFO  o.s.w.s.m.m.a.RequestMappingHandlerMapping - Mapped "{[/user/address/temporaryAddress/set/id/{addressId}],methods=[GET]}" onto public java.lang.Object com.enter.controller.AddressController.setTemporaryAddress(java.lang.Long) 
18:12:42.689 [restartedMain] INFO  o.s.w.s.m.m.a.RequestMappingHandlerMapping - Mapped "{[/user/address/defaultAddress/modify/id/{addressId}],methods=[PUT]}" onto public java.lang.Object com.enter.controller.AddressController.setDefaultAddress(java.lang.Long,javax.servlet.http.HttpServletRequest) 
18:12:42.689 [restartedMain] INFO  o.s.w.s.m.m.a.RequestMappingHandlerMapping - Mapped "{[/news/listNews]}" onto public java.lang.String com.enter.controller.NewsController.listNews(org.springframework.ui.Model) 
18:12:42.693 [restartedMain] INFO  o.s.w.s.m.m.a.RequestMappingHandlerMapping - Mapped "{[/user/orders/generate/one],methods=[POST]}" onto public java.lang.Object com.enter.controller.OrderController.addALLToOrder(java.lang.String) 
18:12:42.694 [restartedMain] INFO  o.s.w.s.m.m.a.RequestMappingHandlerMapping - Mapped "{[/user/orders/generate/two/trolleyIds/{trolleyIds}],methods=[GET]}" onto public java.lang.String com.enter.controller.OrderController.generatedOrder(java.lang.String,org.springframework.ui.Model) 
18:12:42.694 [restartedMain] INFO  o.s.w.s.m.m.a.RequestMappingHandlerMapping - Mapped "{[/user/orders/view/orderNo/{orderNum}],methods=[GET]}" onto public java.lang.String com.enter.controller.OrderController.findOrderById(java.lang.Long,org.springframework.ui.Model) 
18:12:42.694 [restartedMain] INFO  o.s.w.s.m.m.a.RequestMappingHandlerMapping - Mapped "{[/user/orders/view],methods=[GET]}" onto public java.lang.String com.enter.controller.OrderController.listMyOrder(org.springframework.ui.Model) 
18:12:42.694 [restartedMain] INFO  o.s.w.s.m.m.a.RequestMappingHandlerMapping - Mapped "{[/user/orders/nowBuy],methods=[POST]}" onto public java.lang.Object com.enter.controller.OrderController.nowBuy(java.lang.Long,java.lang.Integer,java.lang.String,java.lang.String) 
18:12:42.695 [restartedMain] INFO  o.s.w.s.m.m.a.RequestMappingHandlerMapping - Mapped "{[/user/orders/status/{orderState}],methods=[GET]}" onto public java.lang.String com.enter.controller.OrderController.listMyOrderByStatus(org.springframework.ui.Model,java.lang.String) 
18:12:42.695 [restartedMain] INFO  o.s.w.s.m.m.a.RequestMappingHandlerMapping - Mapped "{[/user/orders/generate/three],methods=[POST]}" onto public java.lang.Object com.enter.controller.OrderController.generatedTotalOrder(java.lang.String,java.lang.Long) 
18:12:42.695 [restartedMain] INFO  o.s.w.s.m.m.a.RequestMappingHandlerMapping - Mapped "{[/user/orders/onlinePay/view/{orderNum}],methods=[GET]}" onto public java.lang.String com.enter.controller.OrderController.onlinePay(java.lang.String,org.springframework.ui.Model) 
18:12:42.696 [restartedMain] INFO  o.s.w.s.m.m.a.RequestMappingHandlerMapping - Mapped "{[/user/orders/cancer/{orderNum}],methods=[PUT]}" onto public java.lang.Object com.enter.controller.OrderController.cancerOrders(java.lang.String) 
18:12:42.697 [restartedMain] INFO  o.s.w.s.m.m.a.RequestMappingHandlerMapping - Mapped "{[/product/findProductById]}" onto public java.lang.String com.enter.controller.ProductController.findProductById(org.springframework.ui.Model,java.lang.Long) 
18:12:42.697 [restartedMain] INFO  o.s.w.s.m.m.a.RequestMappingHandlerMapping - Mapped "{[/product/listMall]}" onto public java.lang.String com.enter.controller.ProductController.listMall(org.springframework.ui.Model) 
18:12:42.702 [restartedMain] INFO  o.s.w.s.m.m.a.RequestMappingHandlerMapping - Mapped "{[/user/service/view],methods=[GET]}" onto public java.lang.String com.enter.controller.SaleServiceController.findSaleServiceByUser(org.springframework.ui.Model) 
18:12:42.702 [restartedMain] INFO  o.s.w.s.m.m.a.RequestMappingHandlerMapping - Mapped "{[/user/service/view/status/{state1}/{state2}],methods=[GET]}" onto public java.lang.String com.enter.controller.SaleServiceController.findSaleServiceByUserAndState(org.springframework.ui.Model,java.lang.String,java.lang.String) 
18:12:42.702 [restartedMain] INFO  o.s.w.s.m.m.a.RequestMappingHandlerMapping - Mapped "{[/user/service/view/id/{id}],methods=[GET]}" onto public java.lang.String com.enter.controller.SaleServiceController.getSaleServiceById(java.lang.Long,org.springframework.ui.Model) 
18:12:42.702 [restartedMain] INFO  o.s.w.s.m.m.a.RequestMappingHandlerMapping - Mapped "{[/user/service/apply/{orderNum}],methods=[GET]}" onto public java.lang.String com.enter.controller.SaleServiceController.applyForSaleService(java.lang.String,org.springframework.ui.Model) 
18:12:42.702 [restartedMain] INFO  o.s.w.s.m.m.a.RequestMappingHandlerMapping - Mapped "{[/user/service/view/orderId/{orderId}],methods=[GET]}" onto public java.lang.String com.enter.controller.SaleServiceController.findSaleServiceByOrderId(java.lang.Long,org.springframework.ui.Model) 
18:12:42.703 [restartedMain] INFO  o.s.w.s.m.m.a.RequestMappingHandlerMapping - Mapped "{[/user/service/cancer],methods=[PUT]}" onto public java.lang.Object com.enter.controller.SaleServiceController.cancerSaleService(java.lang.Long) 
18:12:42.703 [restartedMain] INFO  o.s.w.s.m.m.a.RequestMappingHandlerMapping - Mapped "{[/user/service/tip/success],methods=[GET]}" onto public java.lang.String com.enter.controller.SaleServiceController.applySuccess() 
18:12:42.703 [restartedMain] INFO  o.s.w.s.m.m.a.RequestMappingHandlerMapping - Mapped "{[/user/service/add],methods=[POST]}" onto public java.lang.Object com.enter.controller.SaleServiceController.addSaleService(com.enter.entity.SaleService) 
18:12:42.704 [restartedMain] INFO  o.s.w.s.m.m.a.RequestMappingHandlerMapping - Mapped "{[/]}" onto public java.lang.String com.enter.controller.StaticController.index(org.springframework.ui.Model) 
18:12:42.704 [restartedMain] INFO  o.s.w.s.m.m.a.RequestMappingHandlerMapping - Mapped "{[/media]}" onto public java.lang.String com.enter.controller.StaticController.media() 
18:12:42.704 [restartedMain] INFO  o.s.w.s.m.m.a.RequestMappingHandlerMapping - Mapped "{[/login]}" onto public java.lang.String com.enter.controller.StaticController.login() 
18:12:42.704 [restartedMain] INFO  o.s.w.s.m.m.a.RequestMappingHandlerMapping - Mapped "{[/activity]}" onto public java.lang.String com.enter.controller.StaticController.activity() 
18:12:42.704 [restartedMain] INFO  o.s.w.s.m.m.a.RequestMappingHandlerMapping - Mapped "{[/about]}" onto public java.lang.String com.enter.controller.StaticController.about() 
18:12:42.706 [restartedMain] INFO  o.s.w.s.m.m.a.RequestMappingHandlerMapping - Mapped "{[/discount]}" onto public java.lang.String com.enter.controller.StaticController.discount() 
18:12:42.707 [restartedMain] INFO  o.s.w.s.m.m.a.RequestMappingHandlerMapping - Mapped "{[/contact]}" onto public java.lang.String com.enter.controller.StaticController.contact() 
18:12:42.707 [restartedMain] INFO  o.s.w.s.m.m.a.RequestMappingHandlerMapping - Mapped "{[/news]}" onto public java.lang.String com.enter.controller.StaticController.news() 
18:12:42.707 [restartedMain] INFO  o.s.w.s.m.m.a.RequestMappingHandlerMapping - Mapped "{[/music]}" onto public java.lang.String com.enter.controller.StaticController.music() 
18:12:42.707 [restartedMain] INFO  o.s.w.s.m.m.a.RequestMappingHandlerMapping - Mapped "{[/deliveryInfo]}" onto public java.lang.String com.enter.controller.StaticController.deliveryInfo() 
18:12:42.707 [restartedMain] INFO  o.s.w.s.m.m.a.RequestMappingHandlerMapping - Mapped "{[/songs]}" onto public java.lang.String com.enter.controller.StaticController.songs() 
18:12:42.709 [restartedMain] INFO  o.s.w.s.m.m.a.RequestMappingHandlerMapping - Mapped "{[/user/trolley/delete/bacth/ids/{trolleyIds}],methods=[DELETE]}" onto public java.lang.Object com.enter.controller.TrolleyController.bacthDeleteFromTrolley(java.lang.String) 
18:12:42.709 [restartedMain] INFO  o.s.w.s.m.m.a.RequestMappingHandlerMapping - Mapped "{[/user/trolley/delete/id/{trolleyId}],methods=[DELETE]}" onto public java.lang.Object com.enter.controller.TrolleyController.deleteFromTrolley(java.lang.Long) 
18:12:42.710 [restartedMain] INFO  o.s.w.s.m.m.a.RequestMappingHandlerMapping - Mapped "{[/user/trolley/totalCount],methods=[GET]}" onto public java.lang.Object com.enter.controller.TrolleyController.productCountFromTrolley() 
18:12:42.710 [restartedMain] INFO  o.s.w.s.m.m.a.RequestMappingHandlerMapping - Mapped "{[/user/trolley/add],methods=[POST]}" onto public java.lang.Object com.enter.controller.TrolleyController.addToTrolley(java.lang.Long,java.lang.Integer,java.lang.String,java.lang.String) 
18:12:42.710 [restartedMain] INFO  o.s.w.s.m.m.a.RequestMappingHandlerMapping - Mapped "{[/user/trolley/ajax/view],methods=[GET]}" onto public java.lang.Object com.enter.controller.TrolleyController.ajaxToMyTrolley() 
18:12:42.710 [restartedMain] INFO  o.s.w.s.m.m.a.RequestMappingHandlerMapping - Mapped "{[/user/trolley/view],methods=[GET]}" onto public java.lang.String com.enter.controller.TrolleyController.listMyTrolley(org.springframework.ui.Model) 
18:12:42.711 [restartedMain] INFO  o.s.w.s.m.m.a.RequestMappingHandlerMapping - Mapped "{[/user/modifyPwd],methods=[PUT]}" onto public java.lang.Object com.enter.controller.UserController.modifyPwd(java.lang.String,java.lang.String) 
18:12:42.712 [restartedMain] INFO  o.s.w.s.m.m.a.RequestMappingHandlerMapping - Mapped "{[/user/modify/email],methods=[PUT]}" onto public java.lang.Object com.enter.controller.UserController.modifyEmail(java.lang.String,java.lang.String) 
18:12:42.712 [restartedMain] INFO  o.s.w.s.m.m.a.RequestMappingHandlerMapping - Mapped "{[/user/modify/userName],methods=[PUT]}" onto public java.lang.Object com.enter.controller.UserController.editUserName(java.lang.String) 
18:12:42.712 [restartedMain] INFO  o.s.w.s.m.m.a.RequestMappingHandlerMapping - Mapped "{[/user/tel/modify/],methods=[PUT]}" onto public java.lang.Object com.enter.controller.UserController.modifyTel(java.lang.String,java.lang.String) 
18:12:42.712 [restartedMain] INFO  o.s.w.s.m.m.a.RequestMappingHandlerMapping - Mapped "{[/user/overView],methods=[GET]}" onto public java.lang.String com.enter.controller.UserController.accountInfo(org.springframework.ui.Model) 
18:12:42.716 [restartedMain] INFO  o.s.w.s.m.m.a.RequestMappingHandlerMapping - Mapped "{[/error]}" onto public org.springframework.http.ResponseEntity<java.util.Map<java.lang.String, java.lang.Object>> org.springframework.boot.autoconfigure.web.BasicErrorController.error(javax.servlet.http.HttpServletRequest) 
18:12:42.716 [restartedMain] INFO  o.s.w.s.m.m.a.RequestMappingHandlerMapping - Mapped "{[/error],produces=[text/html]}" onto public org.springframework.web.servlet.ModelAndView org.springframework.boot.autoconfigure.web.BasicErrorController.errorHtml(javax.servlet.http.HttpServletRequest,javax.servlet.http.HttpServletResponse) 
18:12:42.930 [restartedMain] INFO  o.s.w.s.h.SimpleUrlHandlerMapping - Mapped URL path [/webjars/**] onto handler of type [class org.springframework.web.servlet.resource.ResourceHttpRequestHandler] 
18:12:42.930 [restartedMain] INFO  o.s.w.s.h.SimpleUrlHandlerMapping - Mapped URL path [/**] onto handler of type [class org.springframework.web.servlet.resource.ResourceHttpRequestHandler] 
18:12:42.972 [restartedMain] INFO  o.s.w.s.m.m.a.ExceptionHandlerExceptionResolver - Detected @ExceptionHandler methods in globalExceptionHandler 
18:12:43.053 [restartedMain] INFO  o.s.w.s.h.SimpleUrlHandlerMapping - Mapped URL path [/**/favicon.ico] onto handler of type [class org.springframework.web.servlet.resource.ResourceHttpRequestHandler] 
18:12:44.890 [restartedMain] INFO  o.s.b.d.a.OptionalLiveReloadServer - LiveReload server is running on port 35729 
18:12:45.033 [restartedMain] INFO  o.s.j.e.a.AnnotationMBeanExporter - Registering beans for JMX exposure on startup 
18:12:45.093 [restartedMain] INFO  o.s.b.c.e.t.TomcatEmbeddedServletContainer - Tomcat started on port(s): 8080 (http) 
18:12:45.098 [restartedMain] INFO  com.enter.ShoppingApplication - Started ShoppingApplication in 11.838 seconds (JVM running for 13.023) 
18:13:58.506 [http-nio-8080-exec-2] INFO  o.a.c.c.C.[Tomcat].[localhost].[/] - Initializing Spring FrameworkServlet 'dispatcherServlet' 
18:13:58.507 [http-nio-8080-exec-2] INFO  o.s.web.servlet.DispatcherServlet - FrameworkServlet 'dispatcherServlet': initialization started 
18:13:58.574 [http-nio-8080-exec-2] INFO  o.s.web.servlet.DispatcherServlet - FrameworkServlet 'dispatcherServlet': initialization completed in 67 ms 
18:14:00.076 [http-nio-8080-exec-7] WARN  o.s.w.s.m.m.a.ExceptionHandlerExceptionResolver - Resolved exception caused by Handler execution: com.enter.exception.ShoppingException: 未登陆 
18:14:02.381 [http-nio-8080-exec-8] INFO  o.a.tomcat.util.http.parser.Cookie - A cookie header was received [@qq.com=123456; JSESSIONID=12988566BBD9A36D01A1906C8B004D97] that contained an invalid cookie. That cookie will be ignored.Note: further occurrences of this error will be logged at DEBUG level. 
18:14:03.502 [http-nio-8080-exec-8] INFO  com.enter.util.CheckUserLogin - login------------------------------------------------12988566BBD9A36D01A1906C8B004D97 
